2021-06-24 11:28:46,101 WARN [restartedMain] o.m.s.m.ClassPathMapperScanner [Logger.java:44] Skipping MapperFactoryBean with name 'discussPostRepository' and 'com.deltaqin.scussm.dao.elasticsearch.DiscussPostRepository' mapperInterface. Bean already defined with the same name!
2021-06-24 11:28:51,795 WARN [restartedMain] o.s.b.w.s.c.AnnotationConfigServletWebServerApplicationContext [AbstractApplicationContext.java:558] Exception encountered during context initialization - cancelling refresh attempt: org.springframework.beans.factory.BeanCreationException: Error creating bean with name 'quartzScheduler' defined in class path resource [org/springframework/boot/autoconfigure/quartz/QuartzAutoConfiguration.class]: Invocation of init method failed; nested exception is org.quartz.JobPersistenceException: Couldn't retrieve job because a required class was not found: com.nowcoder.community.quartz.PostScoreRefreshJob [See nested exception: java.lang.ClassNotFoundException: com.nowcoder.community.quartz.PostScoreRefreshJob]
2021-06-24 11:31:32,416 WARN [restartedMain] o.m.s.m.ClassPathMapperScanner [Logger.java:44] Skipping MapperFactoryBean with name 'discussPostRepository' and 'com.deltaqin.scussm.dao.elasticsearch.DiscussPostRepository' mapperInterface. Bean already defined with the same name!
2021-06-24 11:31:37,226 WARN [kafka-admin-client-thread | adminclient-1] o.a.k.c.NetworkClient [NetworkClient.java:950] [AdminClient clientId=adminclient-1] Error connecting to node worker1:9092 (id: 0 rack: null)
java.net.UnknownHostException: worker1: nodename nor servname provided, or not known
	at java.net.Inet6AddressImpl.lookupAllHostAddr(Native Method)
	at java.net.InetAddress$2.lookupAllHostAddr(InetAddress.java:929)
	at java.net.InetAddress.getAddressesFromNameService(InetAddress.java:1324)
	at java.net.InetAddress.getAllByName0(InetAddress.java:1277)
	at java.net.InetAddress.getAllByName(InetAddress.java:1193)
	at java.net.InetAddress.getAllByName(InetAddress.java:1127)
	at org.apache.kafka.clients.ClientUtils.resolve(ClientUtils.java:104)
	at org.apache.kafka.clients.ClusterConnectionStates$NodeConnectionState.currentAddress(ClusterConnectionStates.java:403)
	at org.apache.kafka.clients.ClusterConnectionStates$NodeConnectionState.access$200(ClusterConnectionStates.java:363)
	at org.apache.kafka.clients.ClusterConnectionStates.currentAddress(ClusterConnectionStates.java:151)
	at org.apache.kafka.clients.NetworkClient.initiateConnect(NetworkClient.java:943)
	at org.apache.kafka.clients.NetworkClient.ready(NetworkClient.java:288)
	at org.apache.kafka.clients.admin.KafkaAdminClient$AdminClientRunnable.sendEligibleCalls(KafkaAdminClient.java:925)
	at org.apache.kafka.clients.admin.KafkaAdminClient$AdminClientRunnable.run(KafkaAdminClient.java:1140)
	at java.lang.Thread.run(Thread.java:748)
2021-06-24 11:31:37,285 WARN [kafka-admin-client-thread | adminclient-1] o.a.k.c.NetworkClient [NetworkClient.java:950] [AdminClient clientId=adminclient-1] Error connecting to node worker1:9092 (id: 0 rack: null)
java.net.UnknownHostException: worker1
	at java.net.InetAddress.getAllByName0(InetAddress.java:1281)
	at java.net.InetAddress.getAllByName(InetAddress.java:1193)
	at java.net.InetAddress.getAllByName(InetAddress.java:1127)
	at org.apache.kafka.clients.ClientUtils.resolve(ClientUtils.java:104)
	at org.apache.kafka.clients.ClusterConnectionStates$NodeConnectionState.currentAddress(ClusterConnectionStates.java:403)
	at org.apache.kafka.clients.ClusterConnectionStates$NodeConnectionState.access$200(ClusterConnectionStates.java:363)
	at org.apache.kafka.clients.ClusterConnectionStates.currentAddress(ClusterConnectionStates.java:151)
	at org.apache.kafka.clients.NetworkClient.initiateConnect(NetworkClient.java:943)
	at org.apache.kafka.clients.NetworkClient.ready(NetworkClient.java:288)
	at org.apache.kafka.clients.admin.KafkaAdminClient$AdminClientRunnable.sendEligibleCalls(KafkaAdminClient.java:925)
	at org.apache.kafka.clients.admin.KafkaAdminClient$AdminClientRunnable.run(KafkaAdminClient.java:1140)
	at java.lang.Thread.run(Thread.java:748)
2021-06-24 11:31:37,395 WARN [kafka-admin-client-thread | adminclient-1] o.a.k.c.NetworkClient [NetworkClient.java:950] [AdminClient clientId=adminclient-1] Error connecting to node worker1:9092 (id: 0 rack: null)
java.net.UnknownHostException: worker1
	at java.net.InetAddress.getAllByName0(InetAddress.java:1281)
	at java.net.InetAddress.getAllByName(InetAddress.java:1193)
	at java.net.InetAddress.getAllByName(InetAddress.java:1127)
	at org.apache.kafka.clients.ClientUtils.resolve(ClientUtils.java:104)
	at org.apache.kafka.clients.ClusterConnectionStates$NodeConnectionState.currentAddress(ClusterConnectionStates.java:403)
	at org.apache.kafka.clients.ClusterConnectionStates$NodeConnectionState.access$200(ClusterConnectionStates.java:363)
	at org.apache.kafka.clients.ClusterConnectionStates.currentAddress(ClusterConnectionStates.java:151)
	at org.apache.kafka.clients.NetworkClient.initiateConnect(NetworkClient.java:943)
	at org.apache.kafka.clients.NetworkClient.ready(NetworkClient.java:288)
	at org.apache.kafka.clients.admin.KafkaAdminClient$AdminClientRunnable.sendEligibleCalls(KafkaAdminClient.java:925)
	at org.apache.kafka.clients.admin.KafkaAdminClient$AdminClientRunnable.run(KafkaAdminClient.java:1140)
	at java.lang.Thread.run(Thread.java:748)
2021-06-24 11:31:37,638 WARN [kafka-admin-client-thread | adminclient-1] o.a.k.c.NetworkClient [NetworkClient.java:950] [AdminClient clientId=adminclient-1] Error connecting to node worker1:9092 (id: 0 rack: null)
java.net.UnknownHostException: worker1
	at java.net.InetAddress.getAllByName0(InetAddress.java:1281)
	at java.net.InetAddress.getAllByName(InetAddress.java:1193)
	at java.net.InetAddress.getAllByName(InetAddress.java:1127)
	at org.apache.kafka.clients.ClientUtils.resolve(ClientUtils.java:104)
	at org.apache.kafka.clients.ClusterConnectionStates$NodeConnectionState.currentAddress(ClusterConnectionStates.java:403)
	at org.apache.kafka.clients.ClusterConnectionStates$NodeConnectionState.access$200(ClusterConnectionStates.java:363)
	at org.apache.kafka.clients.ClusterConnectionStates.currentAddress(ClusterConnectionStates.java:151)
	at org.apache.kafka.clients.NetworkClient.initiateConnect(NetworkClient.java:943)
	at org.apache.kafka.clients.NetworkClient.ready(NetworkClient.java:288)
	at org.apache.kafka.clients.admin.KafkaAdminClient$AdminClientRunnable.sendEligibleCalls(KafkaAdminClient.java:925)
	at org.apache.kafka.clients.admin.KafkaAdminClient$AdminClientRunnable.run(KafkaAdminClient.java:1140)
	at java.lang.Thread.run(Thread.java:748)
2021-06-24 11:31:37,993 WARN [kafka-admin-client-thread | adminclient-1] o.a.k.c.NetworkClient [NetworkClient.java:950] [AdminClient clientId=adminclient-1] Error connecting to node worker1:9092 (id: 0 rack: null)
java.net.UnknownHostException: worker1
	at java.net.InetAddress.getAllByName0(InetAddress.java:1281)
	at java.net.InetAddress.getAllByName(InetAddress.java:1193)
	at java.net.InetAddress.getAllByName(InetAddress.java:1127)
	at org.apache.kafka.clients.ClientUtils.resolve(ClientUtils.java:104)
	at org.apache.kafka.clients.ClusterConnectionStates$NodeConnectionState.currentAddress(ClusterConnectionStates.java:403)
	at org.apache.kafka.clients.ClusterConnectionStates$NodeConnectionState.access$200(ClusterConnectionStates.java:363)
	at org.apache.kafka.clients.ClusterConnectionStates.currentAddress(ClusterConnectionStates.java:151)
	at org.apache.kafka.clients.NetworkClient.initiateConnect(NetworkClient.java:943)
	at org.apache.kafka.clients.NetworkClient.ready(NetworkClient.java:288)
	at org.apache.kafka.clients.admin.KafkaAdminClient$AdminClientRunnable.sendEligibleCalls(KafkaAdminClient.java:925)
	at org.apache.kafka.clients.admin.KafkaAdminClient$AdminClientRunnable.run(KafkaAdminClient.java:1140)
	at java.lang.Thread.run(Thread.java:748)
2021-06-24 11:31:38,698 WARN [kafka-admin-client-thread | adminclient-1] o.a.k.c.NetworkClient [NetworkClient.java:950] [AdminClient clientId=adminclient-1] Error connecting to node worker1:9092 (id: 0 rack: null)
java.net.UnknownHostException: worker1
	at java.net.InetAddress.getAllByName0(InetAddress.java:1281)
	at java.net.InetAddress.getAllByName(InetAddress.java:1193)
	at java.net.InetAddress.getAllByName(InetAddress.java:1127)
	at org.apache.kafka.clients.ClientUtils.resolve(ClientUtils.java:104)
	at org.apache.kafka.clients.ClusterConnectionStates$NodeConnectionState.currentAddress(ClusterConnectionStates.java:403)
	at org.apache.kafka.clients.ClusterConnectionStates$NodeConnectionState.access$200(ClusterConnectionStates.java:363)
	at org.apache.kafka.clients.ClusterConnectionStates.currentAddress(ClusterConnectionStates.java:151)
	at org.apache.kafka.clients.NetworkClient.initiateConnect(NetworkClient.java:943)
	at org.apache.kafka.clients.NetworkClient.ready(NetworkClient.java:288)
	at org.apache.kafka.clients.admin.KafkaAdminClient$AdminClientRunnable.sendEligibleCalls(KafkaAdminClient.java:925)
	at org.apache.kafka.clients.admin.KafkaAdminClient$AdminClientRunnable.run(KafkaAdminClient.java:1140)
	at java.lang.Thread.run(Thread.java:748)
2021-06-24 11:31:39,632 WARN [kafka-admin-client-thread | adminclient-1] o.a.k.c.NetworkClient [NetworkClient.java:950] [AdminClient clientId=adminclient-1] Error connecting to node worker1:9092 (id: 0 rack: null)
java.net.UnknownHostException: worker1
	at java.net.InetAddress.getAllByName0(InetAddress.java:1281)
	at java.net.InetAddress.getAllByName(InetAddress.java:1193)
	at java.net.InetAddress.getAllByName(InetAddress.java:1127)
	at org.apache.kafka.clients.ClientUtils.resolve(ClientUtils.java:104)
	at org.apache.kafka.clients.ClusterConnectionStates$NodeConnectionState.currentAddress(ClusterConnectionStates.java:403)
	at org.apache.kafka.clients.ClusterConnectionStates$NodeConnectionState.access$200(ClusterConnectionStates.java:363)
	at org.apache.kafka.clients.ClusterConnectionStates.currentAddress(ClusterConnectionStates.java:151)
	at org.apache.kafka.clients.NetworkClient.initiateConnect(NetworkClient.java:943)
	at org.apache.kafka.clients.NetworkClient.ready(NetworkClient.java:288)
	at org.apache.kafka.clients.admin.KafkaAdminClient$AdminClientRunnable.sendEligibleCalls(KafkaAdminClient.java:925)
	at org.apache.kafka.clients.admin.KafkaAdminClient$AdminClientRunnable.run(KafkaAdminClient.java:1140)
	at java.lang.Thread.run(Thread.java:748)
2021-06-24 11:31:40,470 WARN [kafka-admin-client-thread | adminclient-1] o.a.k.c.NetworkClient [NetworkClient.java:950] [AdminClient clientId=adminclient-1] Error connecting to node worker1:9092 (id: 0 rack: null)
java.net.UnknownHostException: worker1
	at java.net.InetAddress.getAllByName0(InetAddress.java:1281)
	at java.net.InetAddress.getAllByName(InetAddress.java:1193)
	at java.net.InetAddress.getAllByName(InetAddress.java:1127)
	at org.apache.kafka.clients.ClientUtils.resolve(ClientUtils.java:104)
	at org.apache.kafka.clients.ClusterConnectionStates$NodeConnectionState.currentAddress(ClusterConnectionStates.java:403)
	at org.apache.kafka.clients.ClusterConnectionStates$NodeConnectionState.access$200(ClusterConnectionStates.java:363)
	at org.apache.kafka.clients.ClusterConnectionStates.currentAddress(ClusterConnectionStates.java:151)
	at org.apache.kafka.clients.NetworkClient.initiateConnect(NetworkClient.java:943)
	at org.apache.kafka.clients.NetworkClient.ready(NetworkClient.java:288)
	at org.apache.kafka.clients.admin.KafkaAdminClient$AdminClientRunnable.sendEligibleCalls(KafkaAdminClient.java:925)
	at org.apache.kafka.clients.admin.KafkaAdminClient$AdminClientRunnable.run(KafkaAdminClient.java:1140)
	at java.lang.Thread.run(Thread.java:748)
2021-06-24 11:31:41,440 WARN [kafka-admin-client-thread | adminclient-1] o.a.k.c.NetworkClient [NetworkClient.java:950] [AdminClient clientId=adminclient-1] Error connecting to node worker1:9092 (id: 0 rack: null)
java.net.UnknownHostException: worker1
	at java.net.InetAddress.getAllByName0(InetAddress.java:1281)
	at java.net.InetAddress.getAllByName(InetAddress.java:1193)
	at java.net.InetAddress.getAllByName(InetAddress.java:1127)
	at org.apache.kafka.clients.ClientUtils.resolve(ClientUtils.java:104)
	at org.apache.kafka.clients.ClusterConnectionStates$NodeConnectionState.currentAddress(ClusterConnectionStates.java:403)
	at org.apache.kafka.clients.ClusterConnectionStates$NodeConnectionState.access$200(ClusterConnectionStates.java:363)
	at org.apache.kafka.clients.ClusterConnectionStates.currentAddress(ClusterConnectionStates.java:151)
	at org.apache.kafka.clients.NetworkClient.initiateConnect(NetworkClient.java:943)
	at org.apache.kafka.clients.NetworkClient.ready(NetworkClient.java:288)
	at org.apache.kafka.clients.admin.KafkaAdminClient$AdminClientRunnable.sendEligibleCalls(KafkaAdminClient.java:925)
	at org.apache.kafka.clients.admin.KafkaAdminClient$AdminClientRunnable.run(KafkaAdminClient.java:1140)
	at java.lang.Thread.run(Thread.java:748)
2021-06-24 11:31:42,344 WARN [kafka-admin-client-thread | adminclient-1] o.a.k.c.NetworkClient [NetworkClient.java:950] [AdminClient clientId=adminclient-1] Error connecting to node worker1:9092 (id: 0 rack: null)
java.net.UnknownHostException: worker1
	at java.net.InetAddress.getAllByName0(InetAddress.java:1281)
	at java.net.InetAddress.getAllByName(InetAddress.java:1193)
	at java.net.InetAddress.getAllByName(InetAddress.java:1127)
	at org.apache.kafka.clients.ClientUtils.resolve(ClientUtils.java:104)
	at org.apache.kafka.clients.ClusterConnectionStates$NodeConnectionState.currentAddress(ClusterConnectionStates.java:403)
	at org.apache.kafka.clients.ClusterConnectionStates$NodeConnectionState.access$200(ClusterConnectionStates.java:363)
	at org.apache.kafka.clients.ClusterConnectionStates.currentAddress(ClusterConnectionStates.java:151)
	at org.apache.kafka.clients.NetworkClient.initiateConnect(NetworkClient.java:943)
	at org.apache.kafka.clients.NetworkClient.ready(NetworkClient.java:288)
	at org.apache.kafka.clients.admin.KafkaAdminClient$AdminClientRunnable.sendEligibleCalls(KafkaAdminClient.java:925)
	at org.apache.kafka.clients.admin.KafkaAdminClient$AdminClientRunnable.run(KafkaAdminClient.java:1140)
	at java.lang.Thread.run(Thread.java:748)
2021-06-24 11:31:43,476 WARN [kafka-admin-client-thread | adminclient-1] o.a.k.c.NetworkClient [NetworkClient.java:950] [AdminClient clientId=adminclient-1] Error connecting to node worker1:9092 (id: 0 rack: null)
java.net.UnknownHostException: worker1
	at java.net.InetAddress.getAllByName0(InetAddress.java:1281)
	at java.net.InetAddress.getAllByName(InetAddress.java:1193)
	at java.net.InetAddress.getAllByName(InetAddress.java:1127)
	at org.apache.kafka.clients.ClientUtils.resolve(ClientUtils.java:104)
	at org.apache.kafka.clients.ClusterConnectionStates$NodeConnectionState.currentAddress(ClusterConnectionStates.java:403)
	at org.apache.kafka.clients.ClusterConnectionStates$NodeConnectionState.access$200(ClusterConnectionStates.java:363)
	at org.apache.kafka.clients.ClusterConnectionStates.currentAddress(ClusterConnectionStates.java:151)
	at org.apache.kafka.clients.NetworkClient.initiateConnect(NetworkClient.java:943)
	at org.apache.kafka.clients.NetworkClient.ready(NetworkClient.java:288)
	at org.apache.kafka.clients.admin.KafkaAdminClient$AdminClientRunnable.sendEligibleCalls(KafkaAdminClient.java:925)
	at org.apache.kafka.clients.admin.KafkaAdminClient$AdminClientRunnable.run(KafkaAdminClient.java:1140)
	at java.lang.Thread.run(Thread.java:748)
2021-06-24 11:31:44,411 WARN [kafka-admin-client-thread | adminclient-1] o.a.k.c.NetworkClient [NetworkClient.java:950] [AdminClient clientId=adminclient-1] Error connecting to node worker1:9092 (id: 0 rack: null)
java.net.UnknownHostException: worker1
	at java.net.InetAddress.getAllByName0(InetAddress.java:1281)
	at java.net.InetAddress.getAllByName(InetAddress.java:1193)
	at java.net.InetAddress.getAllByName(InetAddress.java:1127)
	at org.apache.kafka.clients.ClientUtils.resolve(ClientUtils.java:104)
	at org.apache.kafka.clients.ClusterConnectionStates$NodeConnectionState.currentAddress(ClusterConnectionStates.java:403)
	at org.apache.kafka.clients.ClusterConnectionStates$NodeConnectionState.access$200(ClusterConnectionStates.java:363)
	at org.apache.kafka.clients.ClusterConnectionStates.currentAddress(ClusterConnectionStates.java:151)
	at org.apache.kafka.clients.NetworkClient.initiateConnect(NetworkClient.java:943)
	at org.apache.kafka.clients.NetworkClient.ready(NetworkClient.java:288)
	at org.apache.kafka.clients.admin.KafkaAdminClient$AdminClientRunnable.sendEligibleCalls(KafkaAdminClient.java:925)
	at org.apache.kafka.clients.admin.KafkaAdminClient$AdminClientRunnable.run(KafkaAdminClient.java:1140)
	at java.lang.Thread.run(Thread.java:748)
2021-06-24 11:31:45,480 WARN [kafka-admin-client-thread | adminclient-1] o.a.k.c.NetworkClient [NetworkClient.java:950] [AdminClient clientId=adminclient-1] Error connecting to node worker1:9092 (id: 0 rack: null)
java.net.UnknownHostException: worker1
	at java.net.InetAddress.getAllByName0(InetAddress.java:1281)
	at java.net.InetAddress.getAllByName(InetAddress.java:1193)
	at java.net.InetAddress.getAllByName(InetAddress.java:1127)
	at org.apache.kafka.clients.ClientUtils.resolve(ClientUtils.java:104)
	at org.apache.kafka.clients.ClusterConnectionStates$NodeConnectionState.currentAddress(ClusterConnectionStates.java:403)
	at org.apache.kafka.clients.ClusterConnectionStates$NodeConnectionState.access$200(ClusterConnectionStates.java:363)
	at org.apache.kafka.clients.ClusterConnectionStates.currentAddress(ClusterConnectionStates.java:151)
	at org.apache.kafka.clients.NetworkClient.initiateConnect(NetworkClient.java:943)
	at org.apache.kafka.clients.NetworkClient.ready(NetworkClient.java:288)
	at org.apache.kafka.clients.admin.KafkaAdminClient$AdminClientRunnable.sendEligibleCalls(KafkaAdminClient.java:925)
	at org.apache.kafka.clients.admin.KafkaAdminClient$AdminClientRunnable.run(KafkaAdminClient.java:1140)
	at java.lang.Thread.run(Thread.java:748)
2021-06-24 11:31:46,507 WARN [kafka-admin-client-thread | adminclient-1] o.a.k.c.NetworkClient [NetworkClient.java:950] [AdminClient clientId=adminclient-1] Error connecting to node worker1:9092 (id: 0 rack: null)
java.net.UnknownHostException: worker1
	at java.net.InetAddress.getAllByName0(InetAddress.java:1281)
	at java.net.InetAddress.getAllByName(InetAddress.java:1193)
	at java.net.InetAddress.getAllByName(InetAddress.java:1127)
	at org.apache.kafka.clients.ClientUtils.resolve(ClientUtils.java:104)
	at org.apache.kafka.clients.ClusterConnectionStates$NodeConnectionState.currentAddress(ClusterConnectionStates.java:403)
	at org.apache.kafka.clients.ClusterConnectionStates$NodeConnectionState.access$200(ClusterConnectionStates.java:363)
	at org.apache.kafka.clients.ClusterConnectionStates.currentAddress(ClusterConnectionStates.java:151)
	at org.apache.kafka.clients.NetworkClient.initiateConnect(NetworkClient.java:943)
	at org.apache.kafka.clients.NetworkClient.ready(NetworkClient.java:288)
	at org.apache.kafka.clients.admin.KafkaAdminClient$AdminClientRunnable.sendEligibleCalls(KafkaAdminClient.java:925)
	at org.apache.kafka.clients.admin.KafkaAdminClient$AdminClientRunnable.run(KafkaAdminClient.java:1140)
	at java.lang.Thread.run(Thread.java:748)
2021-06-24 11:31:47,546 WARN [kafka-admin-client-thread | adminclient-1] o.a.k.c.NetworkClient [NetworkClient.java:950] [AdminClient clientId=adminclient-1] Error connecting to node worker1:9092 (id: 0 rack: null)
java.net.UnknownHostException: worker1: nodename nor servname provided, or not known
	at java.net.Inet6AddressImpl.lookupAllHostAddr(Native Method)
	at java.net.InetAddress$2.lookupAllHostAddr(InetAddress.java:929)
	at java.net.InetAddress.getAddressesFromNameService(InetAddress.java:1324)
	at java.net.InetAddress.getAllByName0(InetAddress.java:1277)
	at java.net.InetAddress.getAllByName(InetAddress.java:1193)
	at java.net.InetAddress.getAllByName(InetAddress.java:1127)
	at org.apache.kafka.clients.ClientUtils.resolve(ClientUtils.java:104)
	at org.apache.kafka.clients.ClusterConnectionStates$NodeConnectionState.currentAddress(ClusterConnectionStates.java:403)
	at org.apache.kafka.clients.ClusterConnectionStates$NodeConnectionState.access$200(ClusterConnectionStates.java:363)
	at org.apache.kafka.clients.ClusterConnectionStates.currentAddress(ClusterConnectionStates.java:151)
	at org.apache.kafka.clients.NetworkClient.initiateConnect(NetworkClient.java:943)
	at org.apache.kafka.clients.NetworkClient.ready(NetworkClient.java:288)
	at org.apache.kafka.clients.admin.KafkaAdminClient$AdminClientRunnable.sendEligibleCalls(KafkaAdminClient.java:925)
	at org.apache.kafka.clients.admin.KafkaAdminClient$AdminClientRunnable.run(KafkaAdminClient.java:1140)
	at java.lang.Thread.run(Thread.java:748)
2021-06-24 11:31:48,663 WARN [kafka-admin-client-thread | adminclient-1] o.a.k.c.NetworkClient [NetworkClient.java:950] [AdminClient clientId=adminclient-1] Error connecting to node worker1:9092 (id: 0 rack: null)
java.net.UnknownHostException: worker1
	at java.net.InetAddress.getAllByName0(InetAddress.java:1281)
	at java.net.InetAddress.getAllByName(InetAddress.java:1193)
	at java.net.InetAddress.getAllByName(InetAddress.java:1127)
	at org.apache.kafka.clients.ClientUtils.resolve(ClientUtils.java:104)
	at org.apache.kafka.clients.ClusterConnectionStates$NodeConnectionState.currentAddress(ClusterConnectionStates.java:403)
	at org.apache.kafka.clients.ClusterConnectionStates$NodeConnectionState.access$200(ClusterConnectionStates.java:363)
	at org.apache.kafka.clients.ClusterConnectionStates.currentAddress(ClusterConnectionStates.java:151)
	at org.apache.kafka.clients.NetworkClient.initiateConnect(NetworkClient.java:943)
	at org.apache.kafka.clients.NetworkClient.ready(NetworkClient.java:288)
	at org.apache.kafka.clients.admin.KafkaAdminClient$AdminClientRunnable.sendEligibleCalls(KafkaAdminClient.java:925)
	at org.apache.kafka.clients.admin.KafkaAdminClient$AdminClientRunnable.run(KafkaAdminClient.java:1140)
	at java.lang.Thread.run(Thread.java:748)
2021-06-24 11:31:49,541 WARN [kafka-admin-client-thread | adminclient-1] o.a.k.c.NetworkClient [NetworkClient.java:950] [AdminClient clientId=adminclient-1] Error connecting to node worker1:9092 (id: 0 rack: null)
java.net.UnknownHostException: worker1
	at java.net.InetAddress.getAllByName0(InetAddress.java:1281)
	at java.net.InetAddress.getAllByName(InetAddress.java:1193)
	at java.net.InetAddress.getAllByName(InetAddress.java:1127)
	at org.apache.kafka.clients.ClientUtils.resolve(ClientUtils.java:104)
	at org.apache.kafka.clients.ClusterConnectionStates$NodeConnectionState.currentAddress(ClusterConnectionStates.java:403)
	at org.apache.kafka.clients.ClusterConnectionStates$NodeConnectionState.access$200(ClusterConnectionStates.java:363)
	at org.apache.kafka.clients.ClusterConnectionStates.currentAddress(ClusterConnectionStates.java:151)
	at org.apache.kafka.clients.NetworkClient.initiateConnect(NetworkClient.java:943)
	at org.apache.kafka.clients.NetworkClient.ready(NetworkClient.java:288)
	at org.apache.kafka.clients.admin.KafkaAdminClient$AdminClientRunnable.sendEligibleCalls(KafkaAdminClient.java:925)
	at org.apache.kafka.clients.admin.KafkaAdminClient$AdminClientRunnable.run(KafkaAdminClient.java:1140)
	at java.lang.Thread.run(Thread.java:748)
2021-06-24 11:32:34,937 WARN [restartedMain] o.m.s.m.ClassPathMapperScanner [Logger.java:44] Skipping MapperFactoryBean with name 'discussPostRepository' and 'com.deltaqin.scussm.dao.elasticsearch.DiscussPostRepository' mapperInterface. Bean already defined with the same name!
2021-06-24 11:32:39,255 WARN [kafka-admin-client-thread | adminclient-1] o.a.k.c.NetworkClient [NetworkClient.java:950] [AdminClient clientId=adminclient-1] Error connecting to node worker1:9092 (id: 0 rack: null)
java.net.UnknownHostException: worker1: nodename nor servname provided, or not known
	at java.net.Inet6AddressImpl.lookupAllHostAddr(Native Method)
	at java.net.InetAddress$2.lookupAllHostAddr(InetAddress.java:929)
	at java.net.InetAddress.getAddressesFromNameService(InetAddress.java:1324)
	at java.net.InetAddress.getAllByName0(InetAddress.java:1277)
	at java.net.InetAddress.getAllByName(InetAddress.java:1193)
	at java.net.InetAddress.getAllByName(InetAddress.java:1127)
	at org.apache.kafka.clients.ClientUtils.resolve(ClientUtils.java:104)
	at org.apache.kafka.clients.ClusterConnectionStates$NodeConnectionState.currentAddress(ClusterConnectionStates.java:403)
	at org.apache.kafka.clients.ClusterConnectionStates$NodeConnectionState.access$200(ClusterConnectionStates.java:363)
	at org.apache.kafka.clients.ClusterConnectionStates.currentAddress(ClusterConnectionStates.java:151)
	at org.apache.kafka.clients.NetworkClient.initiateConnect(NetworkClient.java:943)
	at org.apache.kafka.clients.NetworkClient.ready(NetworkClient.java:288)
	at org.apache.kafka.clients.admin.KafkaAdminClient$AdminClientRunnable.sendEligibleCalls(KafkaAdminClient.java:925)
	at org.apache.kafka.clients.admin.KafkaAdminClient$AdminClientRunnable.run(KafkaAdminClient.java:1140)
	at java.lang.Thread.run(Thread.java:748)
2021-06-24 11:32:39,314 WARN [kafka-admin-client-thread | adminclient-1] o.a.k.c.NetworkClient [NetworkClient.java:950] [AdminClient clientId=adminclient-1] Error connecting to node worker1:9092 (id: 0 rack: null)
java.net.UnknownHostException: worker1
	at java.net.InetAddress.getAllByName0(InetAddress.java:1281)
	at java.net.InetAddress.getAllByName(InetAddress.java:1193)
	at java.net.InetAddress.getAllByName(InetAddress.java:1127)
	at org.apache.kafka.clients.ClientUtils.resolve(ClientUtils.java:104)
	at org.apache.kafka.clients.ClusterConnectionStates$NodeConnectionState.currentAddress(ClusterConnectionStates.java:403)
	at org.apache.kafka.clients.ClusterConnectionStates$NodeConnectionState.access$200(ClusterConnectionStates.java:363)
	at org.apache.kafka.clients.ClusterConnectionStates.currentAddress(ClusterConnectionStates.java:151)
	at org.apache.kafka.clients.NetworkClient.initiateConnect(NetworkClient.java:943)
	at org.apache.kafka.clients.NetworkClient.ready(NetworkClient.java:288)
	at org.apache.kafka.clients.admin.KafkaAdminClient$AdminClientRunnable.sendEligibleCalls(KafkaAdminClient.java:925)
	at org.apache.kafka.clients.admin.KafkaAdminClient$AdminClientRunnable.run(KafkaAdminClient.java:1140)
	at java.lang.Thread.run(Thread.java:748)
2021-06-24 11:32:39,406 WARN [kafka-admin-client-thread | adminclient-1] o.a.k.c.NetworkClient [NetworkClient.java:950] [AdminClient clientId=adminclient-1] Error connecting to node worker1:9092 (id: 0 rack: null)
java.net.UnknownHostException: worker1
	at java.net.InetAddress.getAllByName0(InetAddress.java:1281)
	at java.net.InetAddress.getAllByName(InetAddress.java:1193)
	at java.net.InetAddress.getAllByName(InetAddress.java:1127)
	at org.apache.kafka.clients.ClientUtils.resolve(ClientUtils.java:104)
	at org.apache.kafka.clients.ClusterConnectionStates$NodeConnectionState.currentAddress(ClusterConnectionStates.java:403)
	at org.apache.kafka.clients.ClusterConnectionStates$NodeConnectionState.access$200(ClusterConnectionStates.java:363)
	at org.apache.kafka.clients.ClusterConnectionStates.currentAddress(ClusterConnectionStates.java:151)
	at org.apache.kafka.clients.NetworkClient.initiateConnect(NetworkClient.java:943)
	at org.apache.kafka.clients.NetworkClient.ready(NetworkClient.java:288)
	at org.apache.kafka.clients.admin.KafkaAdminClient$AdminClientRunnable.sendEligibleCalls(KafkaAdminClient.java:925)
	at org.apache.kafka.clients.admin.KafkaAdminClient$AdminClientRunnable.run(KafkaAdminClient.java:1140)
	at java.lang.Thread.run(Thread.java:748)
2021-06-24 11:32:39,590 WARN [kafka-admin-client-thread | adminclient-1] o.a.k.c.NetworkClient [NetworkClient.java:950] [AdminClient clientId=adminclient-1] Error connecting to node worker1:9092 (id: 0 rack: null)
java.net.UnknownHostException: worker1
	at java.net.InetAddress.getAllByName0(InetAddress.java:1281)
	at java.net.InetAddress.getAllByName(InetAddress.java:1193)
	at java.net.InetAddress.getAllByName(InetAddress.java:1127)
	at org.apache.kafka.clients.ClientUtils.resolve(ClientUtils.java:104)
	at org.apache.kafka.clients.ClusterConnectionStates$NodeConnectionState.currentAddress(ClusterConnectionStates.java:403)
	at org.apache.kafka.clients.ClusterConnectionStates$NodeConnectionState.access$200(ClusterConnectionStates.java:363)
	at org.apache.kafka.clients.ClusterConnectionStates.currentAddress(ClusterConnectionStates.java:151)
	at org.apache.kafka.clients.NetworkClient.initiateConnect(NetworkClient.java:943)
	at org.apache.kafka.clients.NetworkClient.ready(NetworkClient.java:288)
	at org.apache.kafka.clients.admin.KafkaAdminClient$AdminClientRunnable.sendEligibleCalls(KafkaAdminClient.java:925)
	at org.apache.kafka.clients.admin.KafkaAdminClient$AdminClientRunnable.run(KafkaAdminClient.java:1140)
	at java.lang.Thread.run(Thread.java:748)
2021-06-24 11:32:39,964 WARN [kafka-admin-client-thread | adminclient-1] o.a.k.c.NetworkClient [NetworkClient.java:950] [AdminClient clientId=adminclient-1] Error connecting to node worker1:9092 (id: 0 rack: null)
java.net.UnknownHostException: worker1
	at java.net.InetAddress.getAllByName0(InetAddress.java:1281)
	at java.net.InetAddress.getAllByName(InetAddress.java:1193)
	at java.net.InetAddress.getAllByName(InetAddress.java:1127)
	at org.apache.kafka.clients.ClientUtils.resolve(ClientUtils.java:104)
	at org.apache.kafka.clients.ClusterConnectionStates$NodeConnectionState.currentAddress(ClusterConnectionStates.java:403)
	at org.apache.kafka.clients.ClusterConnectionStates$NodeConnectionState.access$200(ClusterConnectionStates.java:363)
	at org.apache.kafka.clients.ClusterConnectionStates.currentAddress(ClusterConnectionStates.java:151)
	at org.apache.kafka.clients.NetworkClient.initiateConnect(NetworkClient.java:943)
	at org.apache.kafka.clients.NetworkClient.ready(NetworkClient.java:288)
	at org.apache.kafka.clients.admin.KafkaAdminClient$AdminClientRunnable.sendEligibleCalls(KafkaAdminClient.java:925)
	at org.apache.kafka.clients.admin.KafkaAdminClient$AdminClientRunnable.run(KafkaAdminClient.java:1140)
	at java.lang.Thread.run(Thread.java:748)
2021-06-24 11:32:40,617 WARN [kafka-admin-client-thread | adminclient-1] o.a.k.c.NetworkClient [NetworkClient.java:950] [AdminClient clientId=adminclient-1] Error connecting to node worker1:9092 (id: 0 rack: null)
java.net.UnknownHostException: worker1
	at java.net.InetAddress.getAllByName0(InetAddress.java:1281)
	at java.net.InetAddress.getAllByName(InetAddress.java:1193)
	at java.net.InetAddress.getAllByName(InetAddress.java:1127)
	at org.apache.kafka.clients.ClientUtils.resolve(ClientUtils.java:104)
	at org.apache.kafka.clients.ClusterConnectionStates$NodeConnectionState.currentAddress(ClusterConnectionStates.java:403)
	at org.apache.kafka.clients.ClusterConnectionStates$NodeConnectionState.access$200(ClusterConnectionStates.java:363)
	at org.apache.kafka.clients.ClusterConnectionStates.currentAddress(ClusterConnectionStates.java:151)
	at org.apache.kafka.clients.NetworkClient.initiateConnect(NetworkClient.java:943)
	at org.apache.kafka.clients.NetworkClient.ready(NetworkClient.java:288)
	at org.apache.kafka.clients.admin.KafkaAdminClient$AdminClientRunnable.sendEligibleCalls(KafkaAdminClient.java:925)
	at org.apache.kafka.clients.admin.KafkaAdminClient$AdminClientRunnable.run(KafkaAdminClient.java:1140)
	at java.lang.Thread.run(Thread.java:748)
2021-06-24 11:32:41,527 WARN [kafka-admin-client-thread | adminclient-1] o.a.k.c.NetworkClient [NetworkClient.java:950] [AdminClient clientId=adminclient-1] Error connecting to node worker1:9092 (id: 0 rack: null)
java.net.UnknownHostException: worker1
	at java.net.InetAddress.getAllByName0(InetAddress.java:1281)
	at java.net.InetAddress.getAllByName(InetAddress.java:1193)
	at java.net.InetAddress.getAllByName(InetAddress.java:1127)
	at org.apache.kafka.clients.ClientUtils.resolve(ClientUtils.java:104)
	at org.apache.kafka.clients.ClusterConnectionStates$NodeConnectionState.currentAddress(ClusterConnectionStates.java:403)
	at org.apache.kafka.clients.ClusterConnectionStates$NodeConnectionState.access$200(ClusterConnectionStates.java:363)
	at org.apache.kafka.clients.ClusterConnectionStates.currentAddress(ClusterConnectionStates.java:151)
	at org.apache.kafka.clients.NetworkClient.initiateConnect(NetworkClient.java:943)
	at org.apache.kafka.clients.NetworkClient.ready(NetworkClient.java:288)
	at org.apache.kafka.clients.admin.KafkaAdminClient$AdminClientRunnable.sendEligibleCalls(KafkaAdminClient.java:925)
	at org.apache.kafka.clients.admin.KafkaAdminClient$AdminClientRunnable.run(KafkaAdminClient.java:1140)
	at java.lang.Thread.run(Thread.java:748)
2021-06-24 11:33:13,388 WARN [restartedMain] o.m.s.m.ClassPathMapperScanner [Logger.java:44] Skipping MapperFactoryBean with name 'discussPostRepository' and 'com.deltaqin.scussm.dao.elasticsearch.DiscussPostRepository' mapperInterface. Bean already defined with the same name!
2021-06-24 11:33:17,623 WARN [kafka-admin-client-thread | adminclient-1] o.a.k.c.NetworkClient [NetworkClient.java:950] [AdminClient clientId=adminclient-1] Error connecting to node worker1:9092 (id: 0 rack: null)
java.net.UnknownHostException: worker1: nodename nor servname provided, or not known
	at java.net.Inet6AddressImpl.lookupAllHostAddr(Native Method)
	at java.net.InetAddress$2.lookupAllHostAddr(InetAddress.java:929)
	at java.net.InetAddress.getAddressesFromNameService(InetAddress.java:1324)
	at java.net.InetAddress.getAllByName0(InetAddress.java:1277)
	at java.net.InetAddress.getAllByName(InetAddress.java:1193)
	at java.net.InetAddress.getAllByName(InetAddress.java:1127)
	at org.apache.kafka.clients.ClientUtils.resolve(ClientUtils.java:104)
	at org.apache.kafka.clients.ClusterConnectionStates$NodeConnectionState.currentAddress(ClusterConnectionStates.java:403)
	at org.apache.kafka.clients.ClusterConnectionStates$NodeConnectionState.access$200(ClusterConnectionStates.java:363)
	at org.apache.kafka.clients.ClusterConnectionStates.currentAddress(ClusterConnectionStates.java:151)
	at org.apache.kafka.clients.NetworkClient.initiateConnect(NetworkClient.java:943)
	at org.apache.kafka.clients.NetworkClient.ready(NetworkClient.java:288)
	at org.apache.kafka.clients.admin.KafkaAdminClient$AdminClientRunnable.sendEligibleCalls(KafkaAdminClient.java:925)
	at org.apache.kafka.clients.admin.KafkaAdminClient$AdminClientRunnable.run(KafkaAdminClient.java:1140)
	at java.lang.Thread.run(Thread.java:748)
2021-06-24 11:33:17,666 WARN [kafka-admin-client-thread | adminclient-1] o.a.k.c.NetworkClient [NetworkClient.java:950] [AdminClient clientId=adminclient-1] Error connecting to node worker1:9092 (id: 0 rack: null)
java.net.UnknownHostException: worker1
	at java.net.InetAddress.getAllByName0(InetAddress.java:1281)
	at java.net.InetAddress.getAllByName(InetAddress.java:1193)
	at java.net.InetAddress.getAllByName(InetAddress.java:1127)
	at org.apache.kafka.clients.ClientUtils.resolve(ClientUtils.java:104)
	at org.apache.kafka.clients.ClusterConnectionStates$NodeConnectionState.currentAddress(ClusterConnectionStates.java:403)
	at org.apache.kafka.clients.ClusterConnectionStates$NodeConnectionState.access$200(ClusterConnectionStates.java:363)
	at org.apache.kafka.clients.ClusterConnectionStates.currentAddress(ClusterConnectionStates.java:151)
	at org.apache.kafka.clients.NetworkClient.initiateConnect(NetworkClient.java:943)
	at org.apache.kafka.clients.NetworkClient.ready(NetworkClient.java:288)
	at org.apache.kafka.clients.admin.KafkaAdminClient$AdminClientRunnable.sendEligibleCalls(KafkaAdminClient.java:925)
	at org.apache.kafka.clients.admin.KafkaAdminClient$AdminClientRunnable.run(KafkaAdminClient.java:1140)
	at java.lang.Thread.run(Thread.java:748)
2021-06-24 11:33:17,758 WARN [kafka-admin-client-thread | adminclient-1] o.a.k.c.NetworkClient [NetworkClient.java:950] [AdminClient clientId=adminclient-1] Error connecting to node worker1:9092 (id: 0 rack: null)
java.net.UnknownHostException: worker1
	at java.net.InetAddress.getAllByName0(InetAddress.java:1281)
	at java.net.InetAddress.getAllByName(InetAddress.java:1193)
	at java.net.InetAddress.getAllByName(InetAddress.java:1127)
	at org.apache.kafka.clients.ClientUtils.resolve(ClientUtils.java:104)
	at org.apache.kafka.clients.ClusterConnectionStates$NodeConnectionState.currentAddress(ClusterConnectionStates.java:403)
	at org.apache.kafka.clients.ClusterConnectionStates$NodeConnectionState.access$200(ClusterConnectionStates.java:363)
	at org.apache.kafka.clients.ClusterConnectionStates.currentAddress(ClusterConnectionStates.java:151)
	at org.apache.kafka.clients.NetworkClient.initiateConnect(NetworkClient.java:943)
	at org.apache.kafka.clients.NetworkClient.ready(NetworkClient.java:288)
	at org.apache.kafka.clients.admin.KafkaAdminClient$AdminClientRunnable.sendEligibleCalls(KafkaAdminClient.java:925)
	at org.apache.kafka.clients.admin.KafkaAdminClient$AdminClientRunnable.run(KafkaAdminClient.java:1140)
	at java.lang.Thread.run(Thread.java:748)
2021-06-24 11:33:17,988 WARN [kafka-admin-client-thread | adminclient-1] o.a.k.c.NetworkClient [NetworkClient.java:950] [AdminClient clientId=adminclient-1] Error connecting to node worker1:9092 (id: 0 rack: null)
java.net.UnknownHostException: worker1
	at java.net.InetAddress.getAllByName0(InetAddress.java:1281)
	at java.net.InetAddress.getAllByName(InetAddress.java:1193)
	at java.net.InetAddress.getAllByName(InetAddress.java:1127)
	at org.apache.kafka.clients.ClientUtils.resolve(ClientUtils.java:104)
	at org.apache.kafka.clients.ClusterConnectionStates$NodeConnectionState.currentAddress(ClusterConnectionStates.java:403)
	at org.apache.kafka.clients.ClusterConnectionStates$NodeConnectionState.access$200(ClusterConnectionStates.java:363)
	at org.apache.kafka.clients.ClusterConnectionStates.currentAddress(ClusterConnectionStates.java:151)
	at org.apache.kafka.clients.NetworkClient.initiateConnect(NetworkClient.java:943)
	at org.apache.kafka.clients.NetworkClient.ready(NetworkClient.java:288)
	at org.apache.kafka.clients.admin.KafkaAdminClient$AdminClientRunnable.sendEligibleCalls(KafkaAdminClient.java:925)
	at org.apache.kafka.clients.admin.KafkaAdminClient$AdminClientRunnable.run(KafkaAdminClient.java:1140)
	at java.lang.Thread.run(Thread.java:748)
2021-06-24 11:33:18,355 WARN [kafka-admin-client-thread | adminclient-1] o.a.k.c.NetworkClient [NetworkClient.java:950] [AdminClient clientId=adminclient-1] Error connecting to node worker1:9092 (id: 0 rack: null)
java.net.UnknownHostException: worker1
	at java.net.InetAddress.getAllByName0(InetAddress.java:1281)
	at java.net.InetAddress.getAllByName(InetAddress.java:1193)
	at java.net.InetAddress.getAllByName(InetAddress.java:1127)
	at org.apache.kafka.clients.ClientUtils.resolve(ClientUtils.java:104)
	at org.apache.kafka.clients.ClusterConnectionStates$NodeConnectionState.currentAddress(ClusterConnectionStates.java:403)
	at org.apache.kafka.clients.ClusterConnectionStates$NodeConnectionState.access$200(ClusterConnectionStates.java:363)
	at org.apache.kafka.clients.ClusterConnectionStates.currentAddress(ClusterConnectionStates.java:151)
	at org.apache.kafka.clients.NetworkClient.initiateConnect(NetworkClient.java:943)
	at org.apache.kafka.clients.NetworkClient.ready(NetworkClient.java:288)
	at org.apache.kafka.clients.admin.KafkaAdminClient$AdminClientRunnable.sendEligibleCalls(KafkaAdminClient.java:925)
	at org.apache.kafka.clients.admin.KafkaAdminClient$AdminClientRunnable.run(KafkaAdminClient.java:1140)
	at java.lang.Thread.run(Thread.java:748)
2021-06-24 11:33:19,309 WARN [kafka-admin-client-thread | adminclient-1] o.a.k.c.NetworkClient [NetworkClient.java:950] [AdminClient clientId=adminclient-1] Error connecting to node worker1:9092 (id: 0 rack: null)
java.net.UnknownHostException: worker1
	at java.net.InetAddress.getAllByName0(InetAddress.java:1281)
	at java.net.InetAddress.getAllByName(InetAddress.java:1193)
	at java.net.InetAddress.getAllByName(InetAddress.java:1127)
	at org.apache.kafka.clients.ClientUtils.resolve(ClientUtils.java:104)
	at org.apache.kafka.clients.ClusterConnectionStates$NodeConnectionState.currentAddress(ClusterConnectionStates.java:403)
	at org.apache.kafka.clients.ClusterConnectionStates$NodeConnectionState.access$200(ClusterConnectionStates.java:363)
	at org.apache.kafka.clients.ClusterConnectionStates.currentAddress(ClusterConnectionStates.java:151)
	at org.apache.kafka.clients.NetworkClient.initiateConnect(NetworkClient.java:943)
	at org.apache.kafka.clients.NetworkClient.ready(NetworkClient.java:288)
	at org.apache.kafka.clients.admin.KafkaAdminClient$AdminClientRunnable.sendEligibleCalls(KafkaAdminClient.java:925)
	at org.apache.kafka.clients.admin.KafkaAdminClient$AdminClientRunnable.run(KafkaAdminClient.java:1140)
	at java.lang.Thread.run(Thread.java:748)
2021-06-24 11:33:20,430 WARN [kafka-admin-client-thread | adminclient-1] o.a.k.c.NetworkClient [NetworkClient.java:950] [AdminClient clientId=adminclient-1] Error connecting to node worker1:9092 (id: 0 rack: null)
java.net.UnknownHostException: worker1
	at java.net.InetAddress.getAllByName0(InetAddress.java:1281)
	at java.net.InetAddress.getAllByName(InetAddress.java:1193)
	at java.net.InetAddress.getAllByName(InetAddress.java:1127)
	at org.apache.kafka.clients.ClientUtils.resolve(ClientUtils.java:104)
	at org.apache.kafka.clients.ClusterConnectionStates$NodeConnectionState.currentAddress(ClusterConnectionStates.java:403)
	at org.apache.kafka.clients.ClusterConnectionStates$NodeConnectionState.access$200(ClusterConnectionStates.java:363)
	at org.apache.kafka.clients.ClusterConnectionStates.currentAddress(ClusterConnectionStates.java:151)
	at org.apache.kafka.clients.NetworkClient.initiateConnect(NetworkClient.java:943)
	at org.apache.kafka.clients.NetworkClient.ready(NetworkClient.java:288)
	at org.apache.kafka.clients.admin.KafkaAdminClient$AdminClientRunnable.sendEligibleCalls(KafkaAdminClient.java:925)
	at org.apache.kafka.clients.admin.KafkaAdminClient$AdminClientRunnable.run(KafkaAdminClient.java:1140)
	at java.lang.Thread.run(Thread.java:748)
2021-06-24 11:34:01,174 WARN [restartedMain] o.m.s.m.ClassPathMapperScanner [Logger.java:44] Skipping MapperFactoryBean with name 'discussPostRepository' and 'com.deltaqin.scussm.dao.elasticsearch.DiscussPostRepository' mapperInterface. Bean already defined with the same name!
2021-06-24 11:34:05,467 WARN [kafka-admin-client-thread | adminclient-1] o.a.k.c.NetworkClient [NetworkClient.java:950] [AdminClient clientId=adminclient-1] Error connecting to node worker1:9092 (id: 0 rack: null)
java.net.UnknownHostException: worker1: nodename nor servname provided, or not known
	at java.net.Inet6AddressImpl.lookupAllHostAddr(Native Method)
	at java.net.InetAddress$2.lookupAllHostAddr(InetAddress.java:929)
	at java.net.InetAddress.getAddressesFromNameService(InetAddress.java:1324)
	at java.net.InetAddress.getAllByName0(InetAddress.java:1277)
	at java.net.InetAddress.getAllByName(InetAddress.java:1193)
	at java.net.InetAddress.getAllByName(InetAddress.java:1127)
	at org.apache.kafka.clients.ClientUtils.resolve(ClientUtils.java:104)
	at org.apache.kafka.clients.ClusterConnectionStates$NodeConnectionState.currentAddress(ClusterConnectionStates.java:403)
	at org.apache.kafka.clients.ClusterConnectionStates$NodeConnectionState.access$200(ClusterConnectionStates.java:363)
	at org.apache.kafka.clients.ClusterConnectionStates.currentAddress(ClusterConnectionStates.java:151)
	at org.apache.kafka.clients.NetworkClient.initiateConnect(NetworkClient.java:943)
	at org.apache.kafka.clients.NetworkClient.ready(NetworkClient.java:288)
	at org.apache.kafka.clients.admin.KafkaAdminClient$AdminClientRunnable.sendEligibleCalls(KafkaAdminClient.java:925)
	at org.apache.kafka.clients.admin.KafkaAdminClient$AdminClientRunnable.run(KafkaAdminClient.java:1140)
	at java.lang.Thread.run(Thread.java:748)
2021-06-24 11:34:05,523 WARN [kafka-admin-client-thread | adminclient-1] o.a.k.c.NetworkClient [NetworkClient.java:950] [AdminClient clientId=adminclient-1] Error connecting to node worker1:9092 (id: 0 rack: null)
java.net.UnknownHostException: worker1
	at java.net.InetAddress.getAllByName0(InetAddress.java:1281)
	at java.net.InetAddress.getAllByName(InetAddress.java:1193)
	at java.net.InetAddress.getAllByName(InetAddress.java:1127)
	at org.apache.kafka.clients.ClientUtils.resolve(ClientUtils.java:104)
	at org.apache.kafka.clients.ClusterConnectionStates$NodeConnectionState.currentAddress(ClusterConnectionStates.java:403)
	at org.apache.kafka.clients.ClusterConnectionStates$NodeConnectionState.access$200(ClusterConnectionStates.java:363)
	at org.apache.kafka.clients.ClusterConnectionStates.currentAddress(ClusterConnectionStates.java:151)
	at org.apache.kafka.clients.NetworkClient.initiateConnect(NetworkClient.java:943)
	at org.apache.kafka.clients.NetworkClient.ready(NetworkClient.java:288)
	at org.apache.kafka.clients.admin.KafkaAdminClient$AdminClientRunnable.sendEligibleCalls(KafkaAdminClient.java:925)
	at org.apache.kafka.clients.admin.KafkaAdminClient$AdminClientRunnable.run(KafkaAdminClient.java:1140)
	at java.lang.Thread.run(Thread.java:748)
2021-06-24 11:34:05,639 WARN [kafka-admin-client-thread | adminclient-1] o.a.k.c.NetworkClient [NetworkClient.java:950] [AdminClient clientId=adminclient-1] Error connecting to node worker1:9092 (id: 0 rack: null)
java.net.UnknownHostException: worker1
	at java.net.InetAddress.getAllByName0(InetAddress.java:1281)
	at java.net.InetAddress.getAllByName(InetAddress.java:1193)
	at java.net.InetAddress.getAllByName(InetAddress.java:1127)
	at org.apache.kafka.clients.ClientUtils.resolve(ClientUtils.java:104)
	at org.apache.kafka.clients.ClusterConnectionStates$NodeConnectionState.currentAddress(ClusterConnectionStates.java:403)
	at org.apache.kafka.clients.ClusterConnectionStates$NodeConnectionState.access$200(ClusterConnectionStates.java:363)
	at org.apache.kafka.clients.ClusterConnectionStates.currentAddress(ClusterConnectionStates.java:151)
	at org.apache.kafka.clients.NetworkClient.initiateConnect(NetworkClient.java:943)
	at org.apache.kafka.clients.NetworkClient.ready(NetworkClient.java:288)
	at org.apache.kafka.clients.admin.KafkaAdminClient$AdminClientRunnable.sendEligibleCalls(KafkaAdminClient.java:925)
	at org.apache.kafka.clients.admin.KafkaAdminClient$AdminClientRunnable.run(KafkaAdminClient.java:1140)
	at java.lang.Thread.run(Thread.java:748)
2021-06-24 11:34:05,859 WARN [kafka-admin-client-thread | adminclient-1] o.a.k.c.NetworkClient [NetworkClient.java:950] [AdminClient clientId=adminclient-1] Error connecting to node worker1:9092 (id: 0 rack: null)
java.net.UnknownHostException: worker1
	at java.net.InetAddress.getAllByName0(InetAddress.java:1281)
	at java.net.InetAddress.getAllByName(InetAddress.java:1193)
	at java.net.InetAddress.getAllByName(InetAddress.java:1127)
	at org.apache.kafka.clients.ClientUtils.resolve(ClientUtils.java:104)
	at org.apache.kafka.clients.ClusterConnectionStates$NodeConnectionState.currentAddress(ClusterConnectionStates.java:403)
	at org.apache.kafka.clients.ClusterConnectionStates$NodeConnectionState.access$200(ClusterConnectionStates.java:363)
	at org.apache.kafka.clients.ClusterConnectionStates.currentAddress(ClusterConnectionStates.java:151)
	at org.apache.kafka.clients.NetworkClient.initiateConnect(NetworkClient.java:943)
	at org.apache.kafka.clients.NetworkClient.ready(NetworkClient.java:288)
	at org.apache.kafka.clients.admin.KafkaAdminClient$AdminClientRunnable.sendEligibleCalls(KafkaAdminClient.java:925)
	at org.apache.kafka.clients.admin.KafkaAdminClient$AdminClientRunnable.run(KafkaAdminClient.java:1140)
	at java.lang.Thread.run(Thread.java:748)
2021-06-24 11:34:06,249 WARN [kafka-admin-client-thread | adminclient-1] o.a.k.c.NetworkClient [NetworkClient.java:950] [AdminClient clientId=adminclient-1] Error connecting to node worker1:9092 (id: 0 rack: null)
java.net.UnknownHostException: worker1
	at java.net.InetAddress.getAllByName0(InetAddress.java:1281)
	at java.net.InetAddress.getAllByName(InetAddress.java:1193)
	at java.net.InetAddress.getAllByName(InetAddress.java:1127)
	at org.apache.kafka.clients.ClientUtils.resolve(ClientUtils.java:104)
	at org.apache.kafka.clients.ClusterConnectionStates$NodeConnectionState.currentAddress(ClusterConnectionStates.java:403)
	at org.apache.kafka.clients.ClusterConnectionStates$NodeConnectionState.access$200(ClusterConnectionStates.java:363)
	at org.apache.kafka.clients.ClusterConnectionStates.currentAddress(ClusterConnectionStates.java:151)
	at org.apache.kafka.clients.NetworkClient.initiateConnect(NetworkClient.java:943)
	at org.apache.kafka.clients.NetworkClient.ready(NetworkClient.java:288)
	at org.apache.kafka.clients.admin.KafkaAdminClient$AdminClientRunnable.sendEligibleCalls(KafkaAdminClient.java:925)
	at org.apache.kafka.clients.admin.KafkaAdminClient$AdminClientRunnable.run(KafkaAdminClient.java:1140)
	at java.lang.Thread.run(Thread.java:748)
2021-06-24 11:34:07,063 WARN [kafka-admin-client-thread | adminclient-1] o.a.k.c.NetworkClient [NetworkClient.java:950] [AdminClient clientId=adminclient-1] Error connecting to node worker1:9092 (id: 0 rack: null)
java.net.UnknownHostException: worker1
	at java.net.InetAddress.getAllByName0(InetAddress.java:1281)
	at java.net.InetAddress.getAllByName(InetAddress.java:1193)
	at java.net.InetAddress.getAllByName(InetAddress.java:1127)
	at org.apache.kafka.clients.ClientUtils.resolve(ClientUtils.java:104)
	at org.apache.kafka.clients.ClusterConnectionStates$NodeConnectionState.currentAddress(ClusterConnectionStates.java:403)
	at org.apache.kafka.clients.ClusterConnectionStates$NodeConnectionState.access$200(ClusterConnectionStates.java:363)
	at org.apache.kafka.clients.ClusterConnectionStates.currentAddress(ClusterConnectionStates.java:151)
	at org.apache.kafka.clients.NetworkClient.initiateConnect(NetworkClient.java:943)
	at org.apache.kafka.clients.NetworkClient.ready(NetworkClient.java:288)
	at org.apache.kafka.clients.admin.KafkaAdminClient$AdminClientRunnable.sendEligibleCalls(KafkaAdminClient.java:925)
	at org.apache.kafka.clients.admin.KafkaAdminClient$AdminClientRunnable.run(KafkaAdminClient.java:1140)
	at java.lang.Thread.run(Thread.java:748)
2021-06-24 11:35:44,488 WARN [restartedMain] o.m.s.m.ClassPathMapperScanner [Logger.java:44] Skipping MapperFactoryBean with name 'discussPostRepository' and 'com.deltaqin.scussm.dao.elasticsearch.DiscussPostRepository' mapperInterface. Bean already defined with the same name!
2021-06-24 11:35:49,113 WARN [kafka-admin-client-thread | adminclient-1] o.a.k.c.NetworkClient [NetworkClient.java:950] [AdminClient clientId=adminclient-1] Error connecting to node worker1:9092 (id: 0 rack: null)
java.net.UnknownHostException: worker1: nodename nor servname provided, or not known
	at java.net.Inet6AddressImpl.lookupAllHostAddr(Native Method)
	at java.net.InetAddress$2.lookupAllHostAddr(InetAddress.java:929)
	at java.net.InetAddress.getAddressesFromNameService(InetAddress.java:1324)
	at java.net.InetAddress.getAllByName0(InetAddress.java:1277)
	at java.net.InetAddress.getAllByName(InetAddress.java:1193)
	at java.net.InetAddress.getAllByName(InetAddress.java:1127)
	at org.apache.kafka.clients.ClientUtils.resolve(ClientUtils.java:104)
	at org.apache.kafka.clients.ClusterConnectionStates$NodeConnectionState.currentAddress(ClusterConnectionStates.java:403)
	at org.apache.kafka.clients.ClusterConnectionStates$NodeConnectionState.access$200(ClusterConnectionStates.java:363)
	at org.apache.kafka.clients.ClusterConnectionStates.currentAddress(ClusterConnectionStates.java:151)
	at org.apache.kafka.clients.NetworkClient.initiateConnect(NetworkClient.java:943)
	at org.apache.kafka.clients.NetworkClient.ready(NetworkClient.java:288)
	at org.apache.kafka.clients.admin.KafkaAdminClient$AdminClientRunnable.sendEligibleCalls(KafkaAdminClient.java:925)
	at org.apache.kafka.clients.admin.KafkaAdminClient$AdminClientRunnable.run(KafkaAdminClient.java:1140)
	at java.lang.Thread.run(Thread.java:748)
2021-06-24 11:35:49,167 WARN [kafka-admin-client-thread | adminclient-1] o.a.k.c.NetworkClient [NetworkClient.java:950] [AdminClient clientId=adminclient-1] Error connecting to node worker1:9092 (id: 0 rack: null)
java.net.UnknownHostException: worker1
	at java.net.InetAddress.getAllByName0(InetAddress.java:1281)
	at java.net.InetAddress.getAllByName(InetAddress.java:1193)
	at java.net.InetAddress.getAllByName(InetAddress.java:1127)
	at org.apache.kafka.clients.ClientUtils.resolve(ClientUtils.java:104)
	at org.apache.kafka.clients.ClusterConnectionStates$NodeConnectionState.currentAddress(ClusterConnectionStates.java:403)
	at org.apache.kafka.clients.ClusterConnectionStates$NodeConnectionState.access$200(ClusterConnectionStates.java:363)
	at org.apache.kafka.clients.ClusterConnectionStates.currentAddress(ClusterConnectionStates.java:151)
	at org.apache.kafka.clients.NetworkClient.initiateConnect(NetworkClient.java:943)
	at org.apache.kafka.clients.NetworkClient.ready(NetworkClient.java:288)
	at org.apache.kafka.clients.admin.KafkaAdminClient$AdminClientRunnable.sendEligibleCalls(KafkaAdminClient.java:925)
	at org.apache.kafka.clients.admin.KafkaAdminClient$AdminClientRunnable.run(KafkaAdminClient.java:1140)
	at java.lang.Thread.run(Thread.java:748)
2021-06-24 11:35:49,275 WARN [kafka-admin-client-thread | adminclient-1] o.a.k.c.NetworkClient [NetworkClient.java:950] [AdminClient clientId=adminclient-1] Error connecting to node worker1:9092 (id: 0 rack: null)
java.net.UnknownHostException: worker1
	at java.net.InetAddress.getAllByName0(InetAddress.java:1281)
	at java.net.InetAddress.getAllByName(InetAddress.java:1193)
	at java.net.InetAddress.getAllByName(InetAddress.java:1127)
	at org.apache.kafka.clients.ClientUtils.resolve(ClientUtils.java:104)
	at org.apache.kafka.clients.ClusterConnectionStates$NodeConnectionState.currentAddress(ClusterConnectionStates.java:403)
	at org.apache.kafka.clients.ClusterConnectionStates$NodeConnectionState.access$200(ClusterConnectionStates.java:363)
	at org.apache.kafka.clients.ClusterConnectionStates.currentAddress(ClusterConnectionStates.java:151)
	at org.apache.kafka.clients.NetworkClient.initiateConnect(NetworkClient.java:943)
	at org.apache.kafka.clients.NetworkClient.ready(NetworkClient.java:288)
	at org.apache.kafka.clients.admin.KafkaAdminClient$AdminClientRunnable.sendEligibleCalls(KafkaAdminClient.java:925)
	at org.apache.kafka.clients.admin.KafkaAdminClient$AdminClientRunnable.run(KafkaAdminClient.java:1140)
	at java.lang.Thread.run(Thread.java:748)
2021-06-24 11:35:49,515 WARN [kafka-admin-client-thread | adminclient-1] o.a.k.c.NetworkClient [NetworkClient.java:950] [AdminClient clientId=adminclient-1] Error connecting to node worker1:9092 (id: 0 rack: null)
java.net.UnknownHostException: worker1
	at java.net.InetAddress.getAllByName0(InetAddress.java:1281)
	at java.net.InetAddress.getAllByName(InetAddress.java:1193)
	at java.net.InetAddress.getAllByName(InetAddress.java:1127)
	at org.apache.kafka.clients.ClientUtils.resolve(ClientUtils.java:104)
	at org.apache.kafka.clients.ClusterConnectionStates$NodeConnectionState.currentAddress(ClusterConnectionStates.java:403)
	at org.apache.kafka.clients.ClusterConnectionStates$NodeConnectionState.access$200(ClusterConnectionStates.java:363)
	at org.apache.kafka.clients.ClusterConnectionStates.currentAddress(ClusterConnectionStates.java:151)
	at org.apache.kafka.clients.NetworkClient.initiateConnect(NetworkClient.java:943)
	at org.apache.kafka.clients.NetworkClient.ready(NetworkClient.java:288)
	at org.apache.kafka.clients.admin.KafkaAdminClient$AdminClientRunnable.sendEligibleCalls(KafkaAdminClient.java:925)
	at org.apache.kafka.clients.admin.KafkaAdminClient$AdminClientRunnable.run(KafkaAdminClient.java:1140)
	at java.lang.Thread.run(Thread.java:748)
2021-06-24 11:35:49,851 WARN [kafka-admin-client-thread | adminclient-1] o.a.k.c.NetworkClient [NetworkClient.java:950] [AdminClient clientId=adminclient-1] Error connecting to node worker1:9092 (id: 0 rack: null)
java.net.UnknownHostException: worker1
	at java.net.InetAddress.getAllByName0(InetAddress.java:1281)
	at java.net.InetAddress.getAllByName(InetAddress.java:1193)
	at java.net.InetAddress.getAllByName(InetAddress.java:1127)
	at org.apache.kafka.clients.ClientUtils.resolve(ClientUtils.java:104)
	at org.apache.kafka.clients.ClusterConnectionStates$NodeConnectionState.currentAddress(ClusterConnectionStates.java:403)
	at org.apache.kafka.clients.ClusterConnectionStates$NodeConnectionState.access$200(ClusterConnectionStates.java:363)
	at org.apache.kafka.clients.ClusterConnectionStates.currentAddress(ClusterConnectionStates.java:151)
	at org.apache.kafka.clients.NetworkClient.initiateConnect(NetworkClient.java:943)
	at org.apache.kafka.clients.NetworkClient.ready(NetworkClient.java:288)
	at org.apache.kafka.clients.admin.KafkaAdminClient$AdminClientRunnable.sendEligibleCalls(KafkaAdminClient.java:925)
	at org.apache.kafka.clients.admin.KafkaAdminClient$AdminClientRunnable.run(KafkaAdminClient.java:1140)
	at java.lang.Thread.run(Thread.java:748)
2021-06-24 11:37:26,829 WARN [restartedMain] o.m.s.m.ClassPathMapperScanner [Logger.java:44] Skipping MapperFactoryBean with name 'discussPostRepository' and 'com.deltaqin.scussm.dao.elasticsearch.DiscussPostRepository' mapperInterface. Bean already defined with the same name!
2021-06-24 11:38:28,677 WARN [http-nio-8080-exec-9] o.s.w.s.m.m.a.ExceptionHandlerExceptionResolver [AbstractHandlerExceptionResolver.java:199] Resolved [org.springframework.jdbc.BadSqlGrammarException: 
### Error querying database.  Cause: java.sql.SQLSyntaxErrorException: You have an error in your SQL syntax; check the manual that corresponds to your MySQL server version for the right syntax to use near 'from comment
        where status = 0
            and entity_type = 1
          ' at line 5
### The error may exist in file [/Users/deltaqin/workspace/myworkspace2021/code2021/project/scu-integrated-platform-SSM/target/classes/mapper/CommentMapper.xml]
### The error may involve defaultParameterMap
### The error occurred while setting parameters
### SQL: select                   id, user_id, entity_type, entity_id, target_id, content, status, create_time      ;         from comment         where status = 0             and entity_type = ?             and entity_id = ?         order by create_time asc         limit ?, ?
### Cause: java.sql.SQLSyntaxErrorException: You have an error in your SQL syntax; check the manual that corresponds to your MySQL server version for the right syntax to use near 'from comment
        where status = 0
            and entity_type = 1
          ' at line 5
; bad SQL grammar []; nested exception is java.sql.SQLSyntaxErrorException: You have an error in your SQL syntax; check the manual that corresponds to your MySQL server version for the right syntax to use near 'from comment
        where status = 0
            and entity_type = 1
          ' at line 5]
2021-06-24 11:38:36,552 WARN [http-nio-8080-exec-2] o.s.w.s.m.m.a.ExceptionHandlerExceptionResolver [AbstractHandlerExceptionResolver.java:199] Resolved [org.springframework.jdbc.BadSqlGrammarException: 
### Error querying database.  Cause: java.sql.SQLSyntaxErrorException: You have an error in your SQL syntax; check the manual that corresponds to your MySQL server version for the right syntax to use near 'from comment
        where status = 0
            and entity_type = 1
          ' at line 5
### The error may exist in file [/Users/deltaqin/workspace/myworkspace2021/code2021/project/scu-integrated-platform-SSM/target/classes/mapper/CommentMapper.xml]
### The error may involve defaultParameterMap
### The error occurred while setting parameters
### SQL: select                   id, user_id, entity_type, entity_id, target_id, content, status, create_time      ;         from comment         where status = 0             and entity_type = ?             and entity_id = ?         order by create_time asc         limit ?, ?
### Cause: java.sql.SQLSyntaxErrorException: You have an error in your SQL syntax; check the manual that corresponds to your MySQL server version for the right syntax to use near 'from comment
        where status = 0
            and entity_type = 1
          ' at line 5
; bad SQL grammar []; nested exception is java.sql.SQLSyntaxErrorException: You have an error in your SQL syntax; check the manual that corresponds to your MySQL server version for the right syntax to use near 'from comment
        where status = 0
            and entity_type = 1
          ' at line 5]
2021-06-24 11:40:36,499 WARN [restartedMain] o.m.s.m.ClassPathMapperScanner [Logger.java:44] Skipping MapperFactoryBean with name 'discussPostRepository' and 'com.deltaqin.scussm.dao.elasticsearch.DiscussPostRepository' mapperInterface. Bean already defined with the same name!
2021-06-24 11:41:50,196 WARN [http-nio-8080-exec-5] o.s.w.s.m.m.a.ExceptionHandlerExceptionResolver [AbstractHandlerExceptionResolver.java:199] Resolved [java.lang.NullPointerException]
2021-06-24 11:50:25,887 WARN [restartedMain] o.m.s.m.ClassPathMapperScanner [Logger.java:44] Skipping MapperFactoryBean with name 'discussPostRepository' and 'com.deltaqin.scussm.dao.elasticsearch.DiscussPostRepository' mapperInterface. Bean already defined with the same name!
2021-06-24 11:52:18,898 WARN [org.springframework.kafka.KafkaListenerEndpointContainer#2-0-C-1] o.a.k.c.c.i.ConsumerCoordinator [ConsumerCoordinator.java:738] [Consumer clientId=consumer-1, groupId=community-consumer-group] Asynchronous auto-commit of offsets {delete-0=OffsetAndMetadata{offset=0, leaderEpoch=null, metadata=''}} failed: Commit cannot be completed since the group has already rebalanced and assigned the partitions to another member. This means that the time between subsequent calls to poll() was longer than the configured max.poll.interval.ms, which typically implies that the poll loop is spending too much time message processing. You can address this either by increasing max.poll.interval.ms or by reducing the maximum size of batches returned in poll() with max.poll.records.
2021-06-24 11:52:18,899 WARN [org.springframework.kafka.KafkaListenerEndpointContainer#3-0-C-1] o.a.k.c.c.i.ConsumerCoordinator [ConsumerCoordinator.java:738] [Consumer clientId=consumer-2, groupId=community-consumer-group] Asynchronous auto-commit of offsets {share-0=OffsetAndMetadata{offset=0, leaderEpoch=null, metadata=''}} failed: Commit cannot be completed since the group has already rebalanced and assigned the partitions to another member. This means that the time between subsequent calls to poll() was longer than the configured max.poll.interval.ms, which typically implies that the poll loop is spending too much time message processing. You can address this either by increasing max.poll.interval.ms or by reducing the maximum size of batches returned in poll() with max.poll.records.
2021-06-24 11:52:18,900 WARN [org.springframework.kafka.KafkaListenerEndpointContainer#3-0-C-1] o.a.k.c.c.i.ConsumerCoordinator [ConsumerCoordinator.java:760] [Consumer clientId=consumer-2, groupId=community-consumer-group] Synchronous auto-commit of offsets {share-0=OffsetAndMetadata{offset=0, leaderEpoch=null, metadata=''}} failed: Commit cannot be completed since the group has already rebalanced and assigned the partitions to another member. This means that the time between subsequent calls to poll() was longer than the configured max.poll.interval.ms, which typically implies that the poll loop is spending too much time message processing. You can address this either by increasing max.poll.interval.ms or by reducing the maximum size of batches returned in poll() with max.poll.records.
2021-06-24 11:52:18,900 WARN [org.springframework.kafka.KafkaListenerEndpointContainer#0-0-C-1] o.a.k.c.c.i.ConsumerCoordinator [ConsumerCoordinator.java:760] [Consumer clientId=consumer-3, groupId=community-consumer-group] Synchronous auto-commit of offsets {comment-0=OffsetAndMetadata{offset=0, leaderEpoch=null, metadata=''}, like-0=OffsetAndMetadata{offset=0, leaderEpoch=null, metadata=''}, follow-0=OffsetAndMetadata{offset=0, leaderEpoch=null, metadata=''}} failed: Commit cannot be completed since the group has already rebalanced and assigned the partitions to another member. This means that the time between subsequent calls to poll() was longer than the configured max.poll.interval.ms, which typically implies that the poll loop is spending too much time message processing. You can address this either by increasing max.poll.interval.ms or by reducing the maximum size of batches returned in poll() with max.poll.records.
2021-06-24 11:52:18,900 WARN [org.springframework.kafka.KafkaListenerEndpointContainer#1-0-C-1] o.a.k.c.c.i.ConsumerCoordinator [ConsumerCoordinator.java:760] [Consumer clientId=consumer-4, groupId=community-consumer-group] Synchronous auto-commit of offsets {publish-0=OffsetAndMetadata{offset=0, leaderEpoch=null, metadata=''}} failed: Commit cannot be completed since the group has already rebalanced and assigned the partitions to another member. This means that the time between subsequent calls to poll() was longer than the configured max.poll.interval.ms, which typically implies that the poll loop is spending too much time message processing. You can address this either by increasing max.poll.interval.ms or by reducing the maximum size of batches returned in poll() with max.poll.records.
2021-06-24 11:52:18,900 WARN [org.springframework.kafka.KafkaListenerEndpointContainer#2-0-C-1] o.a.k.c.c.i.ConsumerCoordinator [ConsumerCoordinator.java:760] [Consumer clientId=consumer-1, groupId=community-consumer-group] Synchronous auto-commit of offsets {delete-0=OffsetAndMetadata{offset=0, leaderEpoch=null, metadata=''}} failed: Commit cannot be completed since the group has already rebalanced and assigned the partitions to another member. This means that the time between subsequent calls to poll() was longer than the configured max.poll.interval.ms, which typically implies that the poll loop is spending too much time message processing. You can address this either by increasing max.poll.interval.ms or by reducing the maximum size of batches returned in poll() with max.poll.records.
2021-06-24 11:52:20,826 WARN [org.springframework.kafka.KafkaListenerEndpointContainer#1-0-C-1] o.a.k.c.c.i.ConsumerCoordinator [ConsumerCoordinator.java:738] [Consumer clientId=consumer-4, groupId=community-consumer-group] Asynchronous auto-commit of offsets {publish-0=OffsetAndMetadata{offset=0, leaderEpoch=null, metadata=''}} failed: Commit cannot be completed since the group has already rebalanced and assigned the partitions to another member. This means that the time between subsequent calls to poll() was longer than the configured max.poll.interval.ms, which typically implies that the poll loop is spending too much time message processing. You can address this either by increasing max.poll.interval.ms or by reducing the maximum size of batches returned in poll() with max.poll.records.
2021-06-24 11:52:20,826 WARN [org.springframework.kafka.KafkaListenerEndpointContainer#0-0-C-1] o.a.k.c.c.i.ConsumerCoordinator [ConsumerCoordinator.java:738] [Consumer clientId=consumer-3, groupId=community-consumer-group] Asynchronous auto-commit of offsets {comment-0=OffsetAndMetadata{offset=0, leaderEpoch=null, metadata=''}, like-0=OffsetAndMetadata{offset=0, leaderEpoch=null, metadata=''}, follow-0=OffsetAndMetadata{offset=0, leaderEpoch=null, metadata=''}} failed: Commit cannot be completed since the group has already rebalanced and assigned the partitions to another member. This means that the time between subsequent calls to poll() was longer than the configured max.poll.interval.ms, which typically implies that the poll loop is spending too much time message processing. You can address this either by increasing max.poll.interval.ms or by reducing the maximum size of batches returned in poll() with max.poll.records.
2021-06-24 11:52:57,145 WARN [org.springframework.kafka.KafkaListenerEndpointContainer#2-0-C-1] o.a.k.c.c.i.ConsumerCoordinator [ConsumerCoordinator.java:738] [Consumer clientId=consumer-1, groupId=community-consumer-group] Asynchronous auto-commit of offsets {delete-0=OffsetAndMetadata{offset=0, leaderEpoch=null, metadata=''}} failed: Commit cannot be completed since the group has already rebalanced and assigned the partitions to another member. This means that the time between subsequent calls to poll() was longer than the configured max.poll.interval.ms, which typically implies that the poll loop is spending too much time message processing. You can address this either by increasing max.poll.interval.ms or by reducing the maximum size of batches returned in poll() with max.poll.records.
2021-06-24 11:52:57,145 WARN [org.springframework.kafka.KafkaListenerEndpointContainer#1-0-C-1] o.a.k.c.c.i.ConsumerCoordinator [ConsumerCoordinator.java:738] [Consumer clientId=consumer-4, groupId=community-consumer-group] Asynchronous auto-commit of offsets {publish-0=OffsetAndMetadata{offset=0, leaderEpoch=null, metadata=''}} failed: Commit cannot be completed since the group has already rebalanced and assigned the partitions to another member. This means that the time between subsequent calls to poll() was longer than the configured max.poll.interval.ms, which typically implies that the poll loop is spending too much time message processing. You can address this either by increasing max.poll.interval.ms or by reducing the maximum size of batches returned in poll() with max.poll.records.
2021-06-24 11:52:57,147 WARN [org.springframework.kafka.KafkaListenerEndpointContainer#0-0-C-1] o.a.k.c.c.i.ConsumerCoordinator [ConsumerCoordinator.java:738] [Consumer clientId=consumer-3, groupId=community-consumer-group] Asynchronous auto-commit of offsets {comment-0=OffsetAndMetadata{offset=0, leaderEpoch=null, metadata=''}, like-0=OffsetAndMetadata{offset=0, leaderEpoch=null, metadata=''}, follow-0=OffsetAndMetadata{offset=0, leaderEpoch=null, metadata=''}} failed: Commit cannot be completed since the group has already rebalanced and assigned the partitions to another member. This means that the time between subsequent calls to poll() was longer than the configured max.poll.interval.ms, which typically implies that the poll loop is spending too much time message processing. You can address this either by increasing max.poll.interval.ms or by reducing the maximum size of batches returned in poll() with max.poll.records.
2021-06-24 11:52:57,147 WARN [org.springframework.kafka.KafkaListenerEndpointContainer#3-0-C-1] o.a.k.c.c.i.ConsumerCoordinator [ConsumerCoordinator.java:738] [Consumer clientId=consumer-2, groupId=community-consumer-group] Asynchronous auto-commit of offsets {share-0=OffsetAndMetadata{offset=0, leaderEpoch=null, metadata=''}} failed: Commit cannot be completed since the group has already rebalanced and assigned the partitions to another member. This means that the time between subsequent calls to poll() was longer than the configured max.poll.interval.ms, which typically implies that the poll loop is spending too much time message processing. You can address this either by increasing max.poll.interval.ms or by reducing the maximum size of batches returned in poll() with max.poll.records.
2021-06-24 11:53:01,019 WARN [org.springframework.kafka.KafkaListenerEndpointContainer#0-0-C-1] o.a.k.c.c.i.ConsumerCoordinator [ConsumerCoordinator.java:760] [Consumer clientId=consumer-3, groupId=community-consumer-group] Synchronous auto-commit of offsets {comment-0=OffsetAndMetadata{offset=0, leaderEpoch=null, metadata=''}, like-0=OffsetAndMetadata{offset=0, leaderEpoch=null, metadata=''}, follow-0=OffsetAndMetadata{offset=0, leaderEpoch=null, metadata=''}} failed: Commit cannot be completed since the group has already rebalanced and assigned the partitions to another member. This means that the time between subsequent calls to poll() was longer than the configured max.poll.interval.ms, which typically implies that the poll loop is spending too much time message processing. You can address this either by increasing max.poll.interval.ms or by reducing the maximum size of batches returned in poll() with max.poll.records.
2021-06-24 11:53:01,020 WARN [org.springframework.kafka.KafkaListenerEndpointContainer#3-0-C-1] o.a.k.c.c.i.ConsumerCoordinator [ConsumerCoordinator.java:760] [Consumer clientId=consumer-2, groupId=community-consumer-group] Synchronous auto-commit of offsets {share-0=OffsetAndMetadata{offset=0, leaderEpoch=null, metadata=''}} failed: Commit cannot be completed since the group has already rebalanced and assigned the partitions to another member. This means that the time between subsequent calls to poll() was longer than the configured max.poll.interval.ms, which typically implies that the poll loop is spending too much time message processing. You can address this either by increasing max.poll.interval.ms or by reducing the maximum size of batches returned in poll() with max.poll.records.
2021-06-24 11:53:01,020 WARN [org.springframework.kafka.KafkaListenerEndpointContainer#2-0-C-1] o.a.k.c.c.i.ConsumerCoordinator [ConsumerCoordinator.java:760] [Consumer clientId=consumer-1, groupId=community-consumer-group] Synchronous auto-commit of offsets {delete-0=OffsetAndMetadata{offset=0, leaderEpoch=null, metadata=''}} failed: Commit cannot be completed since the group has already rebalanced and assigned the partitions to another member. This means that the time between subsequent calls to poll() was longer than the configured max.poll.interval.ms, which typically implies that the poll loop is spending too much time message processing. You can address this either by increasing max.poll.interval.ms or by reducing the maximum size of batches returned in poll() with max.poll.records.
2021-06-24 11:53:01,020 WARN [org.springframework.kafka.KafkaListenerEndpointContainer#1-0-C-1] o.a.k.c.c.i.ConsumerCoordinator [ConsumerCoordinator.java:760] [Consumer clientId=consumer-4, groupId=community-consumer-group] Synchronous auto-commit of offsets {publish-0=OffsetAndMetadata{offset=0, leaderEpoch=null, metadata=''}} failed: Commit cannot be completed since the group has already rebalanced and assigned the partitions to another member. This means that the time between subsequent calls to poll() was longer than the configured max.poll.interval.ms, which typically implies that the poll loop is spending too much time message processing. You can address this either by increasing max.poll.interval.ms or by reducing the maximum size of batches returned in poll() with max.poll.records.
2021-06-24 11:55:02,473 WARN [HikariPool-1 housekeeper] c.z.h.p.HikariPool [HikariPool.java:787] HikariPool-1 - Thread starvation or clock leap detected (housekeeper delta=58s789ms).
2021-06-24 11:55:02,485 WARN [org.springframework.kafka.KafkaListenerEndpointContainer#1-0-C-1] o.a.k.c.c.i.ConsumerCoordinator [ConsumerCoordinator.java:738] [Consumer clientId=consumer-4, groupId=community-consumer-group] Asynchronous auto-commit of offsets {publish-0=OffsetAndMetadata{offset=0, leaderEpoch=null, metadata=''}} failed: Commit cannot be completed since the group has already rebalanced and assigned the partitions to another member. This means that the time between subsequent calls to poll() was longer than the configured max.poll.interval.ms, which typically implies that the poll loop is spending too much time message processing. You can address this either by increasing max.poll.interval.ms or by reducing the maximum size of batches returned in poll() with max.poll.records.
2021-06-24 11:55:02,486 WARN [org.springframework.kafka.KafkaListenerEndpointContainer#2-0-C-1] o.a.k.c.c.i.ConsumerCoordinator [ConsumerCoordinator.java:738] [Consumer clientId=consumer-1, groupId=community-consumer-group] Asynchronous auto-commit of offsets {delete-0=OffsetAndMetadata{offset=0, leaderEpoch=null, metadata=''}} failed: Commit cannot be completed since the group has already rebalanced and assigned the partitions to another member. This means that the time between subsequent calls to poll() was longer than the configured max.poll.interval.ms, which typically implies that the poll loop is spending too much time message processing. You can address this either by increasing max.poll.interval.ms or by reducing the maximum size of batches returned in poll() with max.poll.records.
2021-06-24 11:55:02,486 WARN [org.springframework.kafka.KafkaListenerEndpointContainer#2-0-C-1] o.a.k.c.c.i.ConsumerCoordinator [ConsumerCoordinator.java:760] [Consumer clientId=consumer-1, groupId=community-consumer-group] Synchronous auto-commit of offsets {delete-0=OffsetAndMetadata{offset=0, leaderEpoch=null, metadata=''}} failed: Commit cannot be completed since the group has already rebalanced and assigned the partitions to another member. This means that the time between subsequent calls to poll() was longer than the configured max.poll.interval.ms, which typically implies that the poll loop is spending too much time message processing. You can address this either by increasing max.poll.interval.ms or by reducing the maximum size of batches returned in poll() with max.poll.records.
2021-06-24 11:55:02,486 WARN [org.springframework.kafka.KafkaListenerEndpointContainer#1-0-C-1] o.a.k.c.c.i.ConsumerCoordinator [ConsumerCoordinator.java:760] [Consumer clientId=consumer-4, groupId=community-consumer-group] Synchronous auto-commit of offsets {publish-0=OffsetAndMetadata{offset=0, leaderEpoch=null, metadata=''}} failed: Commit cannot be completed since the group has already rebalanced and assigned the partitions to another member. This means that the time between subsequent calls to poll() was longer than the configured max.poll.interval.ms, which typically implies that the poll loop is spending too much time message processing. You can address this either by increasing max.poll.interval.ms or by reducing the maximum size of batches returned in poll() with max.poll.records.
2021-06-24 11:55:02,487 WARN [org.springframework.kafka.KafkaListenerEndpointContainer#0-0-C-1] o.a.k.c.c.i.ConsumerCoordinator [ConsumerCoordinator.java:738] [Consumer clientId=consumer-3, groupId=community-consumer-group] Asynchronous auto-commit of offsets {comment-0=OffsetAndMetadata{offset=0, leaderEpoch=null, metadata=''}, like-0=OffsetAndMetadata{offset=0, leaderEpoch=null, metadata=''}, follow-0=OffsetAndMetadata{offset=0, leaderEpoch=null, metadata=''}} failed: Commit cannot be completed since the group has already rebalanced and assigned the partitions to another member. This means that the time between subsequent calls to poll() was longer than the configured max.poll.interval.ms, which typically implies that the poll loop is spending too much time message processing. You can address this either by increasing max.poll.interval.ms or by reducing the maximum size of batches returned in poll() with max.poll.records.
2021-06-24 11:55:02,487 WARN [org.springframework.kafka.KafkaListenerEndpointContainer#0-0-C-1] o.a.k.c.c.i.ConsumerCoordinator [ConsumerCoordinator.java:760] [Consumer clientId=consumer-3, groupId=community-consumer-group] Synchronous auto-commit of offsets {comment-0=OffsetAndMetadata{offset=0, leaderEpoch=null, metadata=''}, like-0=OffsetAndMetadata{offset=0, leaderEpoch=null, metadata=''}, follow-0=OffsetAndMetadata{offset=0, leaderEpoch=null, metadata=''}} failed: Commit cannot be completed since the group has already rebalanced and assigned the partitions to another member. This means that the time between subsequent calls to poll() was longer than the configured max.poll.interval.ms, which typically implies that the poll loop is spending too much time message processing. You can address this either by increasing max.poll.interval.ms or by reducing the maximum size of batches returned in poll() with max.poll.records.
2021-06-24 11:55:02,487 WARN [org.springframework.kafka.KafkaListenerEndpointContainer#3-0-C-1] o.a.k.c.c.i.ConsumerCoordinator [ConsumerCoordinator.java:738] [Consumer clientId=consumer-2, groupId=community-consumer-group] Asynchronous auto-commit of offsets {share-0=OffsetAndMetadata{offset=0, leaderEpoch=null, metadata=''}} failed: Commit cannot be completed since the group has already rebalanced and assigned the partitions to another member. This means that the time between subsequent calls to poll() was longer than the configured max.poll.interval.ms, which typically implies that the poll loop is spending too much time message processing. You can address this either by increasing max.poll.interval.ms or by reducing the maximum size of batches returned in poll() with max.poll.records.
2021-06-24 11:55:02,487 WARN [org.springframework.kafka.KafkaListenerEndpointContainer#3-0-C-1] o.a.k.c.c.i.ConsumerCoordinator [ConsumerCoordinator.java:760] [Consumer clientId=consumer-2, groupId=community-consumer-group] Synchronous auto-commit of offsets {share-0=OffsetAndMetadata{offset=0, leaderEpoch=null, metadata=''}} failed: Commit cannot be completed since the group has already rebalanced and assigned the partitions to another member. This means that the time between subsequent calls to poll() was longer than the configured max.poll.interval.ms, which typically implies that the poll loop is spending too much time message processing. You can address this either by increasing max.poll.interval.ms or by reducing the maximum size of batches returned in poll() with max.poll.records.
2021-06-24 11:55:29,291 WARN [http-nio-8080-exec-5] o.s.w.s.m.m.a.ExceptionHandlerExceptionResolver [AbstractHandlerExceptionResolver.java:199] Resolved [java.lang.NullPointerException]
2021-06-24 11:56:14,385 WARN [http-nio-8080-exec-4] o.s.w.s.m.m.a.ExceptionHandlerExceptionResolver [AbstractHandlerExceptionResolver.java:199] Resolved [java.lang.NullPointerException]
2021-06-24 11:56:14,482 WARN [org.springframework.kafka.KafkaListenerEndpointContainer#0-0-C-1] o.a.k.c.c.i.ConsumerCoordinator [ConsumerCoordinator.java:738] [Consumer clientId=consumer-3, groupId=community-consumer-group] Asynchronous auto-commit of offsets {comment-0=OffsetAndMetadata{offset=0, leaderEpoch=null, metadata=''}, like-0=OffsetAndMetadata{offset=0, leaderEpoch=null, metadata=''}, follow-0=OffsetAndMetadata{offset=0, leaderEpoch=null, metadata=''}} failed: Commit cannot be completed since the group has already rebalanced and assigned the partitions to another member. This means that the time between subsequent calls to poll() was longer than the configured max.poll.interval.ms, which typically implies that the poll loop is spending too much time message processing. You can address this either by increasing max.poll.interval.ms or by reducing the maximum size of batches returned in poll() with max.poll.records.
2021-06-24 11:56:14,483 WARN [org.springframework.kafka.KafkaListenerEndpointContainer#2-0-C-1] o.a.k.c.c.i.ConsumerCoordinator [ConsumerCoordinator.java:738] [Consumer clientId=consumer-1, groupId=community-consumer-group] Asynchronous auto-commit of offsets {delete-0=OffsetAndMetadata{offset=0, leaderEpoch=null, metadata=''}} failed: Commit cannot be completed since the group has already rebalanced and assigned the partitions to another member. This means that the time between subsequent calls to poll() was longer than the configured max.poll.interval.ms, which typically implies that the poll loop is spending too much time message processing. You can address this either by increasing max.poll.interval.ms or by reducing the maximum size of batches returned in poll() with max.poll.records.
2021-06-24 11:56:14,484 WARN [org.springframework.kafka.KafkaListenerEndpointContainer#1-0-C-1] o.a.k.c.c.i.ConsumerCoordinator [ConsumerCoordinator.java:760] [Consumer clientId=consumer-4, groupId=community-consumer-group] Synchronous auto-commit of offsets {publish-0=OffsetAndMetadata{offset=0, leaderEpoch=null, metadata=''}} failed: Commit cannot be completed since the group has already rebalanced and assigned the partitions to another member. This means that the time between subsequent calls to poll() was longer than the configured max.poll.interval.ms, which typically implies that the poll loop is spending too much time message processing. You can address this either by increasing max.poll.interval.ms or by reducing the maximum size of batches returned in poll() with max.poll.records.
2021-06-24 11:56:14,485 WARN [org.springframework.kafka.KafkaListenerEndpointContainer#0-0-C-1] o.a.k.c.c.i.ConsumerCoordinator [ConsumerCoordinator.java:760] [Consumer clientId=consumer-3, groupId=community-consumer-group] Synchronous auto-commit of offsets {comment-0=OffsetAndMetadata{offset=0, leaderEpoch=null, metadata=''}, like-0=OffsetAndMetadata{offset=0, leaderEpoch=null, metadata=''}, follow-0=OffsetAndMetadata{offset=0, leaderEpoch=null, metadata=''}} failed: Commit cannot be completed since the group has already rebalanced and assigned the partitions to another member. This means that the time between subsequent calls to poll() was longer than the configured max.poll.interval.ms, which typically implies that the poll loop is spending too much time message processing. You can address this either by increasing max.poll.interval.ms or by reducing the maximum size of batches returned in poll() with max.poll.records.
2021-06-24 11:56:14,485 WARN [org.springframework.kafka.KafkaListenerEndpointContainer#2-0-C-1] o.a.k.c.c.i.ConsumerCoordinator [ConsumerCoordinator.java:760] [Consumer clientId=consumer-1, groupId=community-consumer-group] Synchronous auto-commit of offsets {delete-0=OffsetAndMetadata{offset=0, leaderEpoch=null, metadata=''}} failed: Commit cannot be completed since the group has already rebalanced and assigned the partitions to another member. This means that the time between subsequent calls to poll() was longer than the configured max.poll.interval.ms, which typically implies that the poll loop is spending too much time message processing. You can address this either by increasing max.poll.interval.ms or by reducing the maximum size of batches returned in poll() with max.poll.records.
2021-06-24 11:56:14,489 WARN [org.springframework.kafka.KafkaListenerEndpointContainer#3-0-C-1] o.a.k.c.c.i.ConsumerCoordinator [ConsumerCoordinator.java:738] [Consumer clientId=consumer-2, groupId=community-consumer-group] Asynchronous auto-commit of offsets {share-0=OffsetAndMetadata{offset=0, leaderEpoch=null, metadata=''}} failed: Commit cannot be completed since the group has already rebalanced and assigned the partitions to another member. This means that the time between subsequent calls to poll() was longer than the configured max.poll.interval.ms, which typically implies that the poll loop is spending too much time message processing. You can address this either by increasing max.poll.interval.ms or by reducing the maximum size of batches returned in poll() with max.poll.records.
2021-06-24 11:56:14,491 WARN [org.springframework.kafka.KafkaListenerEndpointContainer#3-0-C-1] o.a.k.c.c.i.ConsumerCoordinator [ConsumerCoordinator.java:760] [Consumer clientId=consumer-2, groupId=community-consumer-group] Synchronous auto-commit of offsets {share-0=OffsetAndMetadata{offset=0, leaderEpoch=null, metadata=''}} failed: Commit cannot be completed since the group has already rebalanced and assigned the partitions to another member. This means that the time between subsequent calls to poll() was longer than the configured max.poll.interval.ms, which typically implies that the poll loop is spending too much time message processing. You can address this either by increasing max.poll.interval.ms or by reducing the maximum size of batches returned in poll() with max.poll.records.
2021-06-24 11:56:15,014 WARN [org.springframework.kafka.KafkaListenerEndpointContainer#1-0-C-1] o.a.k.c.c.i.ConsumerCoordinator [ConsumerCoordinator.java:738] [Consumer clientId=consumer-4, groupId=community-consumer-group] Asynchronous auto-commit of offsets {publish-0=OffsetAndMetadata{offset=0, leaderEpoch=null, metadata=''}} failed: Commit cannot be completed since the group has already rebalanced and assigned the partitions to another member. This means that the time between subsequent calls to poll() was longer than the configured max.poll.interval.ms, which typically implies that the poll loop is spending too much time message processing. You can address this either by increasing max.poll.interval.ms or by reducing the maximum size of batches returned in poll() with max.poll.records.
2021-06-24 11:57:47,884 WARN [HikariPool-1 housekeeper] c.z.h.p.HikariPool [HikariPool.java:787] HikariPool-1 - Thread starvation or clock leap detected (housekeeper delta=1m33s527ms).
2021-06-24 11:57:48,503 WARN [org.springframework.kafka.KafkaListenerEndpointContainer#2-0-C-1] o.a.k.c.c.i.ConsumerCoordinator [ConsumerCoordinator.java:738] [Consumer clientId=consumer-1, groupId=community-consumer-group] Asynchronous auto-commit of offsets {delete-0=OffsetAndMetadata{offset=0, leaderEpoch=null, metadata=''}} failed: Commit cannot be completed since the group has already rebalanced and assigned the partitions to another member. This means that the time between subsequent calls to poll() was longer than the configured max.poll.interval.ms, which typically implies that the poll loop is spending too much time message processing. You can address this either by increasing max.poll.interval.ms or by reducing the maximum size of batches returned in poll() with max.poll.records.
2021-06-24 11:57:48,503 WARN [org.springframework.kafka.KafkaListenerEndpointContainer#0-0-C-1] o.a.k.c.c.i.ConsumerCoordinator [ConsumerCoordinator.java:738] [Consumer clientId=consumer-3, groupId=community-consumer-group] Asynchronous auto-commit of offsets {comment-0=OffsetAndMetadata{offset=0, leaderEpoch=null, metadata=''}, like-0=OffsetAndMetadata{offset=0, leaderEpoch=null, metadata=''}, follow-0=OffsetAndMetadata{offset=0, leaderEpoch=null, metadata=''}} failed: Commit cannot be completed since the group has already rebalanced and assigned the partitions to another member. This means that the time between subsequent calls to poll() was longer than the configured max.poll.interval.ms, which typically implies that the poll loop is spending too much time message processing. You can address this either by increasing max.poll.interval.ms or by reducing the maximum size of batches returned in poll() with max.poll.records.
2021-06-24 11:57:48,505 WARN [org.springframework.kafka.KafkaListenerEndpointContainer#1-0-C-1] o.a.k.c.c.i.ConsumerCoordinator [ConsumerCoordinator.java:738] [Consumer clientId=consumer-4, groupId=community-consumer-group] Asynchronous auto-commit of offsets {publish-0=OffsetAndMetadata{offset=0, leaderEpoch=null, metadata=''}} failed: Commit cannot be completed since the group has already rebalanced and assigned the partitions to another member. This means that the time between subsequent calls to poll() was longer than the configured max.poll.interval.ms, which typically implies that the poll loop is spending too much time message processing. You can address this either by increasing max.poll.interval.ms or by reducing the maximum size of batches returned in poll() with max.poll.records.
2021-06-24 11:57:48,505 WARN [org.springframework.kafka.KafkaListenerEndpointContainer#0-0-C-1] o.a.k.c.c.i.ConsumerCoordinator [ConsumerCoordinator.java:760] [Consumer clientId=consumer-3, groupId=community-consumer-group] Synchronous auto-commit of offsets {comment-0=OffsetAndMetadata{offset=0, leaderEpoch=null, metadata=''}, like-0=OffsetAndMetadata{offset=0, leaderEpoch=null, metadata=''}, follow-0=OffsetAndMetadata{offset=0, leaderEpoch=null, metadata=''}} failed: Commit cannot be completed since the group has already rebalanced and assigned the partitions to another member. This means that the time between subsequent calls to poll() was longer than the configured max.poll.interval.ms, which typically implies that the poll loop is spending too much time message processing. You can address this either by increasing max.poll.interval.ms or by reducing the maximum size of batches returned in poll() with max.poll.records.
2021-06-24 11:57:48,506 WARN [org.springframework.kafka.KafkaListenerEndpointContainer#2-0-C-1] o.a.k.c.c.i.ConsumerCoordinator [ConsumerCoordinator.java:760] [Consumer clientId=consumer-1, groupId=community-consumer-group] Synchronous auto-commit of offsets {delete-0=OffsetAndMetadata{offset=0, leaderEpoch=null, metadata=''}} failed: Commit cannot be completed since the group has already rebalanced and assigned the partitions to another member. This means that the time between subsequent calls to poll() was longer than the configured max.poll.interval.ms, which typically implies that the poll loop is spending too much time message processing. You can address this either by increasing max.poll.interval.ms or by reducing the maximum size of batches returned in poll() with max.poll.records.
2021-06-24 11:57:48,507 WARN [org.springframework.kafka.KafkaListenerEndpointContainer#1-0-C-1] o.a.k.c.c.i.ConsumerCoordinator [ConsumerCoordinator.java:760] [Consumer clientId=consumer-4, groupId=community-consumer-group] Synchronous auto-commit of offsets {publish-0=OffsetAndMetadata{offset=0, leaderEpoch=null, metadata=''}} failed: Commit cannot be completed since the group has already rebalanced and assigned the partitions to another member. This means that the time between subsequent calls to poll() was longer than the configured max.poll.interval.ms, which typically implies that the poll loop is spending too much time message processing. You can address this either by increasing max.poll.interval.ms or by reducing the maximum size of batches returned in poll() with max.poll.records.
2021-06-24 11:57:48,509 WARN [org.springframework.kafka.KafkaListenerEndpointContainer#3-0-C-1] o.a.k.c.c.i.ConsumerCoordinator [ConsumerCoordinator.java:738] [Consumer clientId=consumer-2, groupId=community-consumer-group] Asynchronous auto-commit of offsets {share-0=OffsetAndMetadata{offset=0, leaderEpoch=null, metadata=''}} failed: Commit cannot be completed since the group has already rebalanced and assigned the partitions to another member. This means that the time between subsequent calls to poll() was longer than the configured max.poll.interval.ms, which typically implies that the poll loop is spending too much time message processing. You can address this either by increasing max.poll.interval.ms or by reducing the maximum size of batches returned in poll() with max.poll.records.
2021-06-24 11:57:48,512 WARN [org.springframework.kafka.KafkaListenerEndpointContainer#3-0-C-1] o.a.k.c.c.i.ConsumerCoordinator [ConsumerCoordinator.java:760] [Consumer clientId=consumer-2, groupId=community-consumer-group] Synchronous auto-commit of offsets {share-0=OffsetAndMetadata{offset=0, leaderEpoch=null, metadata=''}} failed: Commit cannot be completed since the group has already rebalanced and assigned the partitions to another member. This means that the time between subsequent calls to poll() was longer than the configured max.poll.interval.ms, which typically implies that the poll loop is spending too much time message processing. You can address this either by increasing max.poll.interval.ms or by reducing the maximum size of batches returned in poll() with max.poll.records.
2021-06-24 11:57:48,547 WARN [http-nio-8080-exec-7] o.s.w.s.m.m.a.ExceptionHandlerExceptionResolver [AbstractHandlerExceptionResolver.java:199] Resolved [java.lang.NullPointerException]
2021-06-24 12:03:10,383 WARN [restartedMain] o.m.s.m.ClassPathMapperScanner [Logger.java:44] Skipping MapperFactoryBean with name 'discussPostRepository' and 'com.deltaqin.scussm.dao.elasticsearch.DiscussPostRepository' mapperInterface. Bean already defined with the same name!
2021-06-24 12:03:11,587 WARN [restartedMain] o.a.c.c.C.[.[.[/] [DirectJDKLog.java:173] Cannot deserialize session attribute [SPRING_SECURITY_CONTEXT] for session [8CDEAE02871353CD81D2D36584036576]
